<?xml version="1.0" encoding="UTF-8"?>
<testsuite xmlns:xsi="http://www.w3.org/2001/XMLSchema-instance" xsi:noNamespaceSchemaLocation="https://maven.apache.org/surefire/maven-surefire-plugin/xsd/surefire-test-report-3.0.xsd" version="3.0" name="TestSuite" time="273.374" tests="16" errors="0" skipped="0" failures="7">
  <properties>
[...]
</properties>
  <testcase name="testAuto" classname="selenium.DoreyTest" time="4.9"/>
  <testcase name="testAuto" classname="selenium.DoreyTest" time="4.845"/>
  <testcase name="testHomePage" classname="selenium.DoreyTest" time="0.185"/>
  <testcase name="testHomePage" classname="selenium.DoreyTest" time="0.34"/>
  <testcase name="testLorisPage" classname="selenium.DoreyTest" time="3.733">
    <failure message="Cyclic object value&#10;Build info: version: &apos;3.141.59&apos;, revision: &apos;e82be7d358&apos;, time: &apos;2018-11-14T08:17:03&apos;&#10;System info: host: &apos;DESKTOP-0BUJ7PH&apos;, ip: &apos;192.168.1.15&apos;, os.name: &apos;Windows 10&apos;, os.arch: &apos;amd64&apos;, os.version: &apos;10.0&apos;, java.version: &apos;1.8.0_201&apos;&#10;Driver info: org.openqa.selenium.remote.RemoteWebDriver&#10;Capabilities {acceptInsecureCerts: true, browserName: firefox, browserVersion: 67.0.1, javascriptEnabled: true, moz:accessibilityChecks: false, moz:buildID: 20190529130856, moz:geckodriverVersion: 0.24.0, moz:headless: false, moz:processID: 2397, moz:profile: /tmp/rust_mozprofile.AaF9uU..., moz:shutdownTimeout: 60000, moz:useNonSpecCompliantPointerOrigin: false, moz:webdriverClick: true, pageLoadStrategy: normal, platform: LINUX, platformName: LINUX, platformVersion: 4.18.0-24-generic, rotatable: false, setWindowRect: true, strictFileInteractability: false, timeouts: {implicit: 0, pageLoad: 300000, script: 30000}, unhandledPromptBehavior: dismiss and notify, webdriver.remote.sessionid: 3be293e5-c9e0-4f84-a3d6-05f...}&#10;Session ID: 3be293e5-c9e0-4f84-a3d6-05f06c520f94" type="org.openqa.selenium.JavascriptException">org.openqa.selenium.JavascriptException: 
Cyclic object value
Build info: version: '3.141.59', revision: 'e82be7d358', time: '2018-11-14T08:17:03'
System info: host: 'DESKTOP-0BUJ7PH', ip: '192.168.1.15', os.name: 'Windows 10', os.arch: 'amd64', os.version: '10.0', java.version: '1.8.0_201'
Driver info: org.openqa.selenium.remote.RemoteWebDriver
Capabilities {acceptInsecureCerts: true, browserName: firefox, browserVersion: 67.0.1, javascriptEnabled: true, moz:accessibilityChecks: false, moz:buildID: 20190529130856, moz:geckodriverVersion: 0.24.0, moz:headless: false, moz:processID: 2397, moz:profile: /tmp/rust_mozprofile.AaF9uU..., moz:shutdownTimeout: 60000, moz:useNonSpecCompliantPointerOrigin: false, moz:webdriverClick: true, pageLoadStrategy: normal, platform: LINUX, platformName: LINUX, platformVersion: 4.18.0-24-generic, rotatable: false, setWindowRect: true, strictFileInteractability: false, timeouts: {implicit: 0, pageLoad: 300000, script: 30000}, unhandledPromptBehavior: dismiss and notify, webdriver.remote.sessionid: 3be293e5-c9e0-4f84-a3d6-05f...}
Session ID: 3be293e5-c9e0-4f84-a3d6-05f06c520f94
	at selenium.DoreyTest.testLorisPage(DoreyTest.java:95)
</failure>
    <system-out><![CDATA[17:17:04.782 [TestNG-tests-2] INFO  selenium.PageDriver - Test passed: testHomePage
17:17:04.784 [TestNG-tests-2] INFO  selenium.PageDriver - Starting test: testLorisPage
17:17:04.785 [TestNG-tests-2] INFO  selenium.PageDriver - Click element By.id: nav-lori-tab
17:17:04.785 [TestNG-tests-2] INFO  selenium.PageDriver - Wait for element By.id: nav-lori-tab
17:17:05.129 [TestNG-tests-2] INFO  selenium.PageDriver - Get elements By.className: list-group-item
17:17:05.129 [TestNG-tests-2] INFO  selenium.PageDriver - Wait for element By.className: list-group-item
17:17:05.712 [TestNG-tests-2] INFO  selenium.DoreyTest - Link text: LessonPlansPage.com
17:17:05.720 [TestNG-tests-2] INFO  selenium.PageDriver - Click element By.linkText: LessonPlansPage.com
17:17:05.720 [TestNG-tests-2] INFO  selenium.PageDriver - Wait for element By.linkText: LessonPlansPage.com
17:17:06.006 [TestNG-tests-2] INFO  selenium.DoreyTest - Link text: Smithsonian
17:17:06.019 [TestNG-tests-2] INFO  selenium.PageDriver - Click element By.linkText: Smithsonian
17:17:06.020 [TestNG-tests-2] INFO  selenium.PageDriver - Wait for element By.linkText: Smithsonian
17:17:08.184 [TestNG-tests-1] INFO  selenium.PageDriver - Number of cookies: 10
17:17:08.184 [TestNG-tests-1] INFO  selenium.PageDriver - Cookie: learninglab.si.edu-settings-%7B%7D
17:17:08.184 [TestNG-tests-1] INFO  selenium.PageDriver - Cookie: learninglab.si.edu-isAdminVisitingTour-%7B%22isAdminVisitingTour%22%3A0%7D
17:17:08.184 [TestNG-tests-1] INFO  selenium.PageDriver - Cookie: si.edu-WT_FPC-id=70.190.14.136-595791408.30748377:lv=1561835824798:ss=1561835824798
17:17:08.184 [TestNG-tests-1] INFO  selenium.PageDriver - Cookie: learninglab.si.edu-screen_hints-%7B%7D
17:17:08.184 [TestNG-tests-1] INFO  selenium.PageDriver - Cookie: si.edu-_gat-1
17:17:08.184 [TestNG-tests-1] INFO  selenium.PageDriver - Cookie: si.edu-_ga-GA1.2.201043206.1561853824
17:17:08.184 [TestNG-tests-1] INFO  selenium.PageDriver - Cookie: learninglab.si.edu-Cartographi-SessID-a9b6baca04630f73db3c0626788549ae32c5a26d%2B8EfhBHAaIgeRo0kquYqZ84wbg9L0fgHsIj6YNXNU
17:17:08.184 [TestNG-tests-1] INFO  selenium.PageDriver - Cookie: learninglab.si.edu-popUpInfo-%7B%22popUpInfo%22%3A1%7D
17:17:08.184 [TestNG-tests-1] INFO  selenium.PageDriver - Cookie: si.edu-_gid-GA1.2.337129529.1561853824
17:17:08.184 [TestNG-tests-1] INFO  selenium.PageDriver - Cookie: learninglab.si.edu-TS010ecf5c-01a3504f4ce4802adb7dd7e38598959c725715216ec47617227e1afea1e2213da9b57847b06986784974fdffc379b83f02c2aec2e125584fb4245d8660ca35a229fd2c5c2a
17:17:08.275 [TestNG-tests-1] INFO  selenium.PageDriver - Page Resources: 73
17:17:08.275 [TestNG-tests-1] INFO  selenium.PageDriver - Links: 2, Scripts: 11, Images: 42, XMLHttp: 1, CSS: 16, IFrame: 1, Other: 0, Unknown 0
17:17:08.294 [TestNG-tests-1] INFO  selenium.PageDriver - User agent: Mozilla/5.0 (X11; Linux x86_64) AppleWebKit/537.36 (KHTML, like Gecko) Chrome/75.0.3770.80 Safari/537.36
17:17:08.315 [TestNG-tests-1] INFO  selenium.PageDriver - Network: 792.0, Redirect: 0.0, Page Render: 3839.0, Complete: 4956.0
17:17:08.315 [TestNG-tests-1] INFO  selenium.PageDriver - TTFB: 556.0, TTLB 792.0, TTI 1764.0, DocLoad 2321.0
17:17:08.383 [TestNG-tests-2] INFO  selenium.PageDriver - Number of cookies: 8
17:17:08.383 [TestNG-tests-2] INFO  selenium.PageDriver - Cookie: .smithsonianeducation.org-__utmz-230975773.1561853827.1.1.utmcsr=(direct)|utmccn=(direct)|utmcmd=(none)
17:17:08.383 [TestNG-tests-2] INFO  selenium.PageDriver - Cookie: .smithsonianeducation.org-WT_FPC-id=70.190.14.136-643691408.30748377:lv=1561835826439:ss=1561835826439
17:17:08.383 [TestNG-tests-2] INFO  selenium.PageDriver - Cookie: .smithsonianeducation.org-__utmt-1
17:17:08.383 [TestNG-tests-2] INFO  selenium.PageDriver - Cookie: .smithsonianeducation.org-fsr.s-{"v2":-2,"v1":1,"rid":"d554505-51826739-703d-3a25-d449b","br":"Foresee","to":3,"c":"http://smithsonianeducation.org/","pv":1,"lc":{"d0":{"v":1,"s":false}},"cd":0,"cp":{"Site_Section":"SCEMS"}}
17:17:08.384 [TestNG-tests-2] INFO  selenium.PageDriver - Cookie: .smithsonianeducation.org-__utmb-230975773.1.10.1561853827
17:17:08.384 [TestNG-tests-2] INFO  selenium.PageDriver - Cookie: .smithsonianeducation.org-__utmc-230975773
17:17:08.384 [TestNG-tests-2] INFO  selenium.PageDriver - Cookie: .smithsonianeducation.org-__utma-230975773.17690046.1561853827.1561853827.1561853827.1
17:17:08.384 [TestNG-tests-2] INFO  selenium.PageDriver - Cookie: smithsonianeducation.org-TS01bb5eb4-01a3504f4c219249a0b4fad69882ddb2d303b01f79c32c8edc8e3b3f0874bf95796906b428183a22b255764733cf0af4ceff22acd0
17:17:08.392 [TestNG-tests-1] INFO  selenium.DoreyTest - Link text: SitesforTeachers.com
17:17:08.398 [TestNG-tests-1] INFO  selenium.PageDriver - Click element By.linkText: SitesforTeachers.com
17:17:08.399 [TestNG-tests-1] INFO  selenium.PageDriver - Wait for element By.linkText: SitesforTeachers.com
]]></system-out>
  </testcase>
  <testcase name="testLorisPage" classname="selenium.DoreyTest" time="5.728"/>
  <testcase name="testMarvel" classname="selenium.DoreyTest" time="3.409"/>
  <testcase name="testMarvel" classname="selenium.DoreyTest" time="11.096">
    <failure message="Expected condition failed: waiting for presence of element located by: By.id: nav-derek-tab (tried for 20 second(s) with 500 milliseconds interval)" type="org.openqa.selenium.TimeoutException">org.openqa.selenium.TimeoutException: Expected condition failed: waiting for presence of element located by: By.id: nav-derek-tab (tried for 20 second(s) with 500 milliseconds interval)
	at selenium.DoreyTest.testMarvel(DoreyTest.java:191)
Caused by: org.openqa.selenium.NoSuchElementException: 
Unable to locate element: #nav\-derek\-tab
For documentation on this error, please visit: https://www.seleniumhq.org/exceptions/no_such_element.html
Build info: version: '3.141.59', revision: 'e82be7d358', time: '2018-11-14T08:17:03'
System info: host: 'DESKTOP-0BUJ7PH', ip: '192.168.1.15', os.name: 'Windows 10', os.arch: 'amd64', os.version: '10.0', java.version: '1.8.0_201'
Driver info: org.openqa.selenium.remote.RemoteWebDriver
Capabilities {acceptInsecureCerts: true, browserName: firefox, browserVersion: 67.0.1, javascriptEnabled: true, moz:accessibilityChecks: false, moz:buildID: 20190529130856, moz:geckodriverVersion: 0.24.0, moz:headless: false, moz:processID: 2397, moz:profile: /tmp/rust_mozprofile.AaF9uU..., moz:shutdownTimeout: 60000, moz:useNonSpecCompliantPointerOrigin: false, moz:webdriverClick: true, pageLoadStrategy: normal, platform: LINUX, platformName: LINUX, platformVersion: 4.18.0-24-generic, rotatable: false, setWindowRect: true, strictFileInteractability: false, timeouts: {implicit: 0, pageLoad: 300000, script: 30000}, unhandledPromptBehavior: dismiss and notify, webdriver.remote.sessionid: 3be293e5-c9e0-4f84-a3d6-05f...}
Session ID: 3be293e5-c9e0-4f84-a3d6-05f06c520f94
*** Element info: {Using=id, value=nav-derek-tab}
	at selenium.DoreyTest.testMarvel(DoreyTest.java:191)
</failure>
    <system-out><![CDATA[17:17:17.692 [TestNG-tests-1] INFO  selenium.PageDriver - Test passed: testMarvel
17:17:17.693 [TestNG-tests-1] INFO  selenium.PageDriver - Starting test: testNPS
17:17:17.693 [TestNG-tests-1] INFO  selenium.PageDriver - Click element By.id: nav-derek-tab
17:17:17.693 [TestNG-tests-1] INFO  selenium.PageDriver - Wait for element By.id: nav-derek-tab
17:17:17.841 [TestNG-tests-1] INFO  selenium.PageDriver - Click element By.xpath: //a[@href='/nps']
17:17:17.841 [TestNG-tests-1] INFO  selenium.PageDriver - Wait for element By.xpath: //a[@href='/nps']
17:17:17.975 [TestNG-tests-1] INFO  selenium.PageDriver - Get select options By.id: stateSelect
17:17:17.976 [TestNG-tests-1] INFO  selenium.PageDriver - Wait for element By.id: stateSelect
17:17:18.411 [TestNG-tests-1] INFO  selenium.PageDriver - Select Options: 60
17:17:18.479 [TestNG-tests-1] INFO  selenium.PageDriver - Select visible text By.id: stateSelect  Pennsylvania 
17:17:18.479 [TestNG-tests-1] INFO  selenium.PageDriver - Wait for element By.id: stateSelect
17:17:18.704 [TestNG-tests-1] INFO  selenium.PageDriver - Get elements By.xpath: //h2//a[@target='_blank']
17:17:18.704 [TestNG-tests-1] INFO  selenium.PageDriver - Wait for element By.xpath: //h2//a[@target='_blank']
17:17:26.236 [TestNG-tests-1] INFO  selenium.DoreyTest - State selected:  Pennsylvania 
17:17:26.258 [TestNG-tests-1] INFO  selenium.DoreyTest - Park name: Allegheny Portage Railroad National Historic Site
]]></system-out>
  </testcase>
  <testcase name="testNPS" classname="selenium.DoreyTest" time="20.064">
    <failure message="Expected condition failed: waiting for presence of element located by: By.id: nav-derek-tab (tried for 20 second(s) with 500 milliseconds interval)" type="org.openqa.selenium.TimeoutException">org.openqa.selenium.TimeoutException: Expected condition failed: waiting for presence of element located by: By.id: nav-derek-tab (tried for 20 second(s) with 500 milliseconds interval)
	at selenium.DoreyTest.testNPS(DoreyTest.java:175)
Caused by: org.openqa.selenium.NoSuchElementException: 
Unable to locate element: #nav\-derek\-tab
For documentation on this error, please visit: https://www.seleniumhq.org/exceptions/no_such_element.html
Build info: version: '3.141.59', revision: 'e82be7d358', time: '2018-11-14T08:17:03'
System info: host: 'DESKTOP-0BUJ7PH', ip: '192.168.1.15', os.name: 'Windows 10', os.arch: 'amd64', os.version: '10.0', java.version: '1.8.0_201'
Driver info: org.openqa.selenium.remote.RemoteWebDriver
Capabilities {acceptInsecureCerts: true, browserName: firefox, browserVersion: 67.0.1, javascriptEnabled: true, moz:accessibilityChecks: false, moz:buildID: 20190529130856, moz:geckodriverVersion: 0.24.0, moz:headless: false, moz:processID: 2397, moz:profile: /tmp/rust_mozprofile.AaF9uU..., moz:shutdownTimeout: 60000, moz:useNonSpecCompliantPointerOrigin: false, moz:webdriverClick: true, pageLoadStrategy: normal, platform: LINUX, platformName: LINUX, platformVersion: 4.18.0-24-generic, rotatable: false, setWindowRect: true, strictFileInteractability: false, timeouts: {implicit: 0, pageLoad: 300000, script: 30000}, unhandledPromptBehavior: dismiss and notify, webdriver.remote.sessionid: 3be293e5-c9e0-4f84-a3d6-05f...}
Session ID: 3be293e5-c9e0-4f84-a3d6-05f06c520f94
*** Element info: {Using=id, value=nav-derek-tab}
	at selenium.DoreyTest.testNPS(DoreyTest.java:175)
</failure>
    <system-out><![CDATA[17:17:28.803 [TestNG-tests-2] INFO  selenium.PageDriver - Test failed: testMarvel
17:17:28.804 [TestNG-tests-2] INFO  selenium.PageDriver - Starting test: testNPS
17:17:28.804 [TestNG-tests-2] INFO  selenium.PageDriver - Click element By.id: nav-derek-tab
17:17:28.804 [TestNG-tests-2] INFO  selenium.PageDriver - Wait for element By.id: nav-derek-tab
]]></system-out>
  </testcase>
  <testcase name="testNPS" classname="selenium.DoreyTest" time="53.073"/>
  <testcase name="testNavy" classname="selenium.DoreyTest" time="20.498">
    <failure message="Expected condition failed: waiting for presence of element located by: By.id: nav-derek-tab (tried for 20 second(s) with 500 milliseconds interval)" type="org.openqa.selenium.TimeoutException">org.openqa.selenium.TimeoutException: Expected condition failed: waiting for presence of element located by: By.id: nav-derek-tab (tried for 20 second(s) with 500 milliseconds interval)
	at selenium.DoreyTest.testNavy(DoreyTest.java:134)
Caused by: org.openqa.selenium.NoSuchElementException: 
Unable to locate element: #nav\-derek\-tab
For documentation on this error, please visit: https://www.seleniumhq.org/exceptions/no_such_element.html
Build info: version: '3.141.59', revision: 'e82be7d358', time: '2018-11-14T08:17:03'
System info: host: 'DESKTOP-0BUJ7PH', ip: '192.168.1.15', os.name: 'Windows 10', os.arch: 'amd64', os.version: '10.0', java.version: '1.8.0_201'
Driver info: org.openqa.selenium.remote.RemoteWebDriver
Capabilities {acceptInsecureCerts: true, browserName: firefox, browserVersion: 67.0.1, javascriptEnabled: true, moz:accessibilityChecks: false, moz:buildID: 20190529130856, moz:geckodriverVersion: 0.24.0, moz:headless: false, moz:processID: 2397, moz:profile: /tmp/rust_mozprofile.AaF9uU..., moz:shutdownTimeout: 60000, moz:useNonSpecCompliantPointerOrigin: false, moz:webdriverClick: true, pageLoadStrategy: normal, platform: LINUX, platformName: LINUX, platformVersion: 4.18.0-24-generic, rotatable: false, setWindowRect: true, strictFileInteractability: false, timeouts: {implicit: 0, pageLoad: 300000, script: 30000}, unhandledPromptBehavior: dismiss and notify, webdriver.remote.sessionid: 3be293e5-c9e0-4f84-a3d6-05f...}
Session ID: 3be293e5-c9e0-4f84-a3d6-05f06c520f94
*** Element info: {Using=id, value=nav-derek-tab}
	at selenium.DoreyTest.testNavy(DoreyTest.java:134)
</failure>
    <system-out><![CDATA[17:17:48.884 [TestNG-tests-2] INFO  selenium.PageDriver - Test failed: testNPS
17:17:48.885 [TestNG-tests-2] INFO  selenium.PageDriver - Starting test: testNavy
17:17:48.885 [TestNG-tests-2] INFO  selenium.PageDriver - Click element By.id: nav-derek-tab
17:17:48.886 [TestNG-tests-2] INFO  selenium.PageDriver - Wait for element By.id: nav-derek-tab
17:18:08.996 [TestNG-tests-1] INFO  selenium.PageDriver - Number of cookies: 7
17:18:08.996 [TestNG-tests-1] INFO  selenium.PageDriver - Cookie: www.nps.gov-npf_newsletter_shown-yes
17:18:08.996 [TestNG-tests-1] INFO  selenium.PageDriver - Cookie: www.nps.gov-AWSALB-iBymfw4C5oLiLCP/qn9I7gqRDiFQ5qtAFCs7fnb971RjeR5Ca5NGtMLslRpRdt/+kXOW6KlDfQdqHf1myyZWmRVgoh8BTRftNJRp+BCB7c2Xl2UfUACIy1+s6rlw
17:18:08.997 [TestNG-tests-1] INFO  selenium.PageDriver - Cookie: nps.gov-_gat_GSA_ENOR0-1
17:18:08.997 [TestNG-tests-1] INFO  selenium.PageDriver - Cookie: nps.gov-_ga-GA1.2.1999132340.1561853886
17:18:08.997 [TestNG-tests-1] INFO  selenium.PageDriver - Cookie: nps.gov-CFIWebMonSession-%7B%22GUID%22%3A%22ef85b3f3-0091-a9eb-8988-561853887165%22%2C%22EmailPhone%22%3A%22%22%2C%22HttpReferer%22%3A%22https%3A//derek.altervista.org/nps%22%2C%22PageViews%22%3A1%2C%22CurrentRuleId%22%3Anull%2C%22CurrentPType%22%3A0%2C%22Activity%22%3A%22Browse%22%2C%22SessionStart%22%3A1561853887160%2C%22UnloadDate%22%3Anull%2C%22WindowCount%22%3A1%2C%22LastPageStayTime%22%3Anull%2C%22AcceptOrDecline%22%3A%7B%7D%2C%22FirstBrowsePage%22%3A%22https%3A//www.nps.gov/alpo/index.htm%22%2C%22FirstBrowseTime%22%3A1561853887165%2C%22FinallyLeaveTime%22%3A1561853887165%2C%22FinallyBrowsePage%22%3A%22https%3A//www.nps.gov/alpo/index.htm%22%2C%22SiteReferrer%22%3A%22https%3A//derek.altervista.org/nps%22%2C%22LastPopUpPage%22%3Anull%2C%22TimeSpentonSite%22%3A0%2C%22GoogleAnalyticsValue%22%3Anull%2C%22Dimension%22%3Anull%2C%22CookiePath%22%3A%22/%3B%20domain%3Dnps.gov%22%2C%22AdditionalAttributes%22%3A%7B%7D%2C%22ClickTracker%22%3A%22%22%2C%22PageIndex%22%3A0%7D
17:18:08.998 [TestNG-tests-1] INFO  selenium.PageDriver - Cookie: nps.gov-_gali-LocalNav
17:18:08.998 [TestNG-tests-1] INFO  selenium.PageDriver - Cookie: nps.gov-_gid-GA1.2.1700452596.1561853886
17:18:09.097 [TestNG-tests-1] INFO  selenium.PageDriver - Page Resources: 63
17:18:09.097 [TestNG-tests-1] INFO  selenium.PageDriver - Links: 9, Scripts: 22, Images: 7, XMLHttp: 4, CSS: 18, IFrame: 1, Other: 1, Unknown 1
17:18:09.114 [TestNG-tests-1] INFO  selenium.PageDriver - User agent: Mozilla/5.0 (X11; Linux x86_64) AppleWebKit/537.36 (KHTML, like Gecko) Chrome/75.0.3770.80 Safari/537.36
17:18:09.133 [TestNG-tests-1] INFO  selenium.PageDriver - Network: 709.0, Redirect: 0.0, Page Render: 41831.0, Complete: 42555.0
17:18:09.133 [TestNG-tests-1] INFO  selenium.PageDriver - TTFB: 704.0, TTLB 709.0, TTI 39733.0, DocLoad 40508.0
17:18:09.277 [TestNG-tests-1] INFO  selenium.DoreyTest - Park name: Appalachian National Scenic Trail
]]></system-out>
  </testcase>
  <testcase name="testNavy" classname="selenium.DoreyTest" time="3.477">
    <failure message="stale element reference: element is not attached to the page document&#10;  (Session info: chrome=75.0.3770.80)&#10;For documentation on this error, please visit: https://www.seleniumhq.org/exceptions/stale_element_reference.html&#10;Build info: version: &apos;3.141.59&apos;, revision: &apos;e82be7d358&apos;, time: &apos;2018-11-14T08:17:03&apos;&#10;System info: host: &apos;DESKTOP-0BUJ7PH&apos;, ip: &apos;192.168.1.15&apos;, os.name: &apos;Windows 10&apos;, os.arch: &apos;amd64&apos;, os.version: &apos;10.0&apos;, java.version: &apos;1.8.0_201&apos;&#10;Driver info: org.openqa.selenium.remote.RemoteWebDriver&#10;Capabilities {acceptInsecureCerts: false, browserName: chrome, browserVersion: 75.0.3770.80, chrome: {chromedriverVersion: 75.0.3770.8 (681f24ea911fe7..., userDataDir: /tmp/.com.google.Chrome.ylE49j}, goog:chromeOptions: {debuggerAddress: localhost:34657}, javascriptEnabled: true, networkConnectionEnabled: false, pageLoadStrategy: normal, platform: LINUX, platformName: LINUX, proxy: Proxy(), setWindowRect: true, strictFileInteractability: false, timeouts: {implicit: 0, pageLoad: 300000, script: 30000}, unhandledPromptBehavior: dismiss and notify, webdriver.remote.sessionid: 0d7148c0b296cf0014bb54f257c...}&#10;Session ID: 0d7148c0b296cf0014bb54f257c67907" type="org.openqa.selenium.StaleElementReferenceException">org.openqa.selenium.StaleElementReferenceException: 
stale element reference: element is not attached to the page document
  (Session info: chrome=75.0.3770.80)
For documentation on this error, please visit: https://www.seleniumhq.org/exceptions/stale_element_reference.html
Build info: version: '3.141.59', revision: 'e82be7d358', time: '2018-11-14T08:17:03'
System info: host: 'DESKTOP-0BUJ7PH', ip: '192.168.1.15', os.name: 'Windows 10', os.arch: 'amd64', os.version: '10.0', java.version: '1.8.0_201'
Driver info: org.openqa.selenium.remote.RemoteWebDriver
Capabilities {acceptInsecureCerts: false, browserName: chrome, browserVersion: 75.0.3770.80, chrome: {chromedriverVersion: 75.0.3770.8 (681f24ea911fe7..., userDataDir: /tmp/.com.google.Chrome.ylE49j}, goog:chromeOptions: {debuggerAddress: localhost:34657}, javascriptEnabled: true, networkConnectionEnabled: false, pageLoadStrategy: normal, platform: LINUX, platformName: LINUX, proxy: Proxy(), setWindowRect: true, strictFileInteractability: false, timeouts: {implicit: 0, pageLoad: 300000, script: 30000}, unhandledPromptBehavior: dismiss and notify, webdriver.remote.sessionid: 0d7148c0b296cf0014bb54f257c...}
Session ID: 0d7148c0b296cf0014bb54f257c67907
	at selenium.DoreyTest.testNavy(DoreyTest.java:142)
</failure>
    <system-out><![CDATA[17:19:22.790 [TestNG-tests-1] INFO  selenium.PageDriver - Test passed: testNPS
17:19:22.791 [TestNG-tests-1] INFO  selenium.PageDriver - Starting test: testNavy
17:19:22.791 [TestNG-tests-1] INFO  selenium.PageDriver - Click element By.id: nav-derek-tab
17:19:22.791 [TestNG-tests-1] INFO  selenium.PageDriver - Wait for element By.id: nav-derek-tab
17:19:22.986 [TestNG-tests-1] INFO  selenium.PageDriver - Click element By.xpath: //a[@href='/ships']
17:19:22.986 [TestNG-tests-1] INFO  selenium.PageDriver - Wait for element By.xpath: //a[@href='/ships']
17:19:23.381 [TestNG-tests-1] INFO  selenium.PageDriver - Get select options By.id: shipTypeSelect
17:19:23.381 [TestNG-tests-1] INFO  selenium.PageDriver - Wait for element By.id: shipTypeSelect
17:19:24.236 [TestNG-tests-1] INFO  selenium.PageDriver - Select Options: 20
17:19:24.261 [TestNG-tests-1] INFO  selenium.DoreyTest - Ship type: [[[[RemoteWebDriver: chrome on LINUX (0d7148c0b296cf0014bb54f257c67907)] -> id: shipTypeSelect]] -> tag name: option]
17:19:24.294 [TestNG-tests-1] INFO  selenium.PageDriver - Select visible text By.id: shipTypeSelect  AGER  -  Environmental Research Ship 
17:19:24.295 [TestNG-tests-1] INFO  selenium.PageDriver - Wait for element By.id: shipTypeSelect
17:19:24.551 [TestNG-tests-1] INFO  selenium.PageDriver - Get elements By.xpath: //h2[text() = 'Active Ships in the U.S. Navy']/following-sibling::div
17:19:24.551 [TestNG-tests-1] INFO  selenium.PageDriver - Wait for element By.xpath: //h2[text() = 'Active Ships in the U.S. Navy']/following-sibling::div
17:19:25.186 [TestNG-tests-1] INFO  selenium.DoreyTest - Ship name: PUEBLO
17:19:25.187 [TestNG-tests-1] INFO  selenium.DoreyTest - Ship type: [[[[RemoteWebDriver: chrome on LINUX (0d7148c0b296cf0014bb54f257c67907)] -> id: shipTypeSelect]] -> tag name: option]
17:19:25.216 [TestNG-tests-1] INFO  selenium.PageDriver - Select visible text By.id: shipTypeSelect  CG  -  Guided Missile Cruiser 
17:19:25.216 [TestNG-tests-1] INFO  selenium.PageDriver - Wait for element By.id: shipTypeSelect
17:19:25.440 [TestNG-tests-1] INFO  selenium.PageDriver - Get elements By.xpath: //h2[text() = 'Active Ships in the U.S. Navy']/following-sibling::div
17:19:25.442 [TestNG-tests-1] INFO  selenium.PageDriver - Wait for element By.xpath: //h2[text() = 'Active Ships in the U.S. Navy']/following-sibling::div
17:19:25.536 [TestNG-tests-1] INFO  selenium.DoreyTest - Ship name: PUEBLO
17:19:25.536 [TestNG-tests-1] INFO  selenium.DoreyTest - Ship type: [[[[RemoteWebDriver: chrome on LINUX (0d7148c0b296cf0014bb54f257c67907)] -> id: shipTypeSelect]] -> tag name: option]
17:19:25.569 [TestNG-tests-1] INFO  selenium.PageDriver - Select visible text By.id: shipTypeSelect  CVN  -  Multi-Purpose Aircraft Carrier (Nuclear-Propulsion) 
17:19:25.569 [TestNG-tests-1] INFO  selenium.PageDriver - Wait for element By.id: shipTypeSelect
17:19:25.816 [TestNG-tests-1] INFO  selenium.PageDriver - Get elements By.xpath: //h2[text() = 'Active Ships in the U.S. Navy']/following-sibling::div
17:19:25.816 [TestNG-tests-1] INFO  selenium.PageDriver - Wait for element By.xpath: //h2[text() = 'Active Ships in the U.S. Navy']/following-sibling::div
17:19:25.885 [TestNG-tests-1] INFO  selenium.DoreyTest - Ship name: PUEBLO
17:19:25.885 [TestNG-tests-1] INFO  selenium.DoreyTest - Ship type: [[[[RemoteWebDriver: chrome on LINUX (0d7148c0b296cf0014bb54f257c67907)] -> id: shipTypeSelect]] -> tag name: option]
17:19:25.919 [TestNG-tests-1] INFO  selenium.PageDriver - Select visible text By.id: shipTypeSelect  DDG  -  Guided Missile Destroyer 
17:19:25.919 [TestNG-tests-1] INFO  selenium.PageDriver - Wait for element By.id: shipTypeSelect
17:19:26.169 [TestNG-tests-1] INFO  selenium.PageDriver - Get elements By.xpath: //h2[text() = 'Active Ships in the U.S. Navy']/following-sibling::div
17:19:26.169 [TestNG-tests-1] INFO  selenium.PageDriver - Wait for element By.xpath: //h2[text() = 'Active Ships in the U.S. Navy']/following-sibling::div
17:19:26.273 [TestNG-tests-1] INFO  selenium.DoreyTest - Ship name: PHILIPPINE SEA
17:19:26.303 [TestNG-tests-1] INFO  selenium.DoreyTest - Ship name: GETTYSBURG
17:19:26.333 [TestNG-tests-1] INFO  selenium.DoreyTest - Ship name: HUE CITY
]]></system-out>
  </testcase>
  <testcase name="testStarWars" classname="selenium.DoreyTest" time="20.366">
    <failure message="Expected condition failed: waiting for presence of element located by: By.id: nav-derek-tab (tried for 20 second(s) with 500 milliseconds interval)" type="org.openqa.selenium.TimeoutException">org.openqa.selenium.TimeoutException: Expected condition failed: waiting for presence of element located by: By.id: nav-derek-tab (tried for 20 second(s) with 500 milliseconds interval)
	at selenium.DoreyTest.testStarWars(DoreyTest.java:117)
Caused by: org.openqa.selenium.NoSuchElementException: 
Unable to locate element: #nav\-derek\-tab
For documentation on this error, please visit: https://www.seleniumhq.org/exceptions/no_such_element.html
Build info: version: '3.141.59', revision: 'e82be7d358', time: '2018-11-14T08:17:03'
System info: host: 'DESKTOP-0BUJ7PH', ip: '192.168.1.15', os.name: 'Windows 10', os.arch: 'amd64', os.version: '10.0', java.version: '1.8.0_201'
Driver info: org.openqa.selenium.remote.RemoteWebDriver
Capabilities {acceptInsecureCerts: true, browserName: firefox, browserVersion: 67.0.1, javascriptEnabled: true, moz:accessibilityChecks: false, moz:buildID: 20190529130856, moz:geckodriverVersion: 0.24.0, moz:headless: false, moz:processID: 2397, moz:profile: /tmp/rust_mozprofile.AaF9uU..., moz:shutdownTimeout: 60000, moz:useNonSpecCompliantPointerOrigin: false, moz:webdriverClick: true, pageLoadStrategy: normal, platform: LINUX, platformName: LINUX, platformVersion: 4.18.0-24-generic, rotatable: false, setWindowRect: true, strictFileInteractability: false, timeouts: {implicit: 0, pageLoad: 300000, script: 30000}, unhandledPromptBehavior: dismiss and notify, webdriver.remote.sessionid: 3be293e5-c9e0-4f84-a3d6-05f...}
Session ID: 3be293e5-c9e0-4f84-a3d6-05f06c520f94
*** Element info: {Using=id, value=nav-derek-tab}
	at selenium.DoreyTest.testStarWars(DoreyTest.java:117)
</failure>
    <system-out><![CDATA[17:18:09.398 [TestNG-tests-2] INFO  selenium.PageDriver - Test failed: testNavy
17:18:09.399 [TestNG-tests-2] INFO  selenium.PageDriver - Starting test: testStarWars
17:18:09.400 [TestNG-tests-2] INFO  selenium.PageDriver - Click element By.id: nav-derek-tab
17:18:09.400 [TestNG-tests-2] INFO  selenium.PageDriver - Wait for element By.id: nav-derek-tab
17:18:10.423 [TestNG-tests-1] INFO  selenium.PageDriver - Number of cookies: 7
17:18:10.424 [TestNG-tests-1] INFO  selenium.PageDriver - Cookie: www.nps.gov-npf_newsletter_shown-yes
17:18:10.424 [TestNG-tests-1] INFO  selenium.PageDriver - Cookie: www.nps.gov-AWSALB-z3ncm/7rqANhsjFkVI/MVWq/yfui9zJPZvmsQCN6nInsma0f9bm4jGggnSgwxXSaMsoImo0O0fNHNgXYmUvyQCr8YAR/k9Y3UxzBmXVfGhiudgWN9Z9BULTvuuCg
17:18:10.424 [TestNG-tests-1] INFO  selenium.PageDriver - Cookie: nps.gov-_gat_GSA_ENOR0-1
17:18:10.424 [TestNG-tests-1] INFO  selenium.PageDriver - Cookie: nps.gov-_ga-GA1.2.1999132340.1561853886
17:18:10.425 [TestNG-tests-1] INFO  selenium.PageDriver - Cookie: nps.gov-CFIWebMonSession-%7B%22GUID%22%3A%22ef85b3f3-0091-a9eb-8988-561853887165%22%2C%22EmailPhone%22%3A%22%22%2C%22HttpReferer%22%3A%22https%3A//derek.altervista.org/nps%22%2C%22PageViews%22%3A2%2C%22CurrentRuleId%22%3Anull%2C%22CurrentPType%22%3A0%2C%22Activity%22%3A%22Browse%22%2C%22SessionStart%22%3A1561853887160%2C%22UnloadDate%22%3Anull%2C%22WindowCount%22%3A2%2C%22LastPageStayTime%22%3Anull%2C%22AcceptOrDecline%22%3A%7B%7D%2C%22FirstBrowsePage%22%3A%22https%3A//www.nps.gov/alpo/index.htm%22%2C%22FirstBrowseTime%22%3A1561853887165%2C%22FinallyLeaveTime%22%3A1561853888926%2C%22FinallyBrowsePage%22%3A%22https%3A//www.nps.gov/appa/index.htm%22%2C%22SiteReferrer%22%3A%22https%3A//derek.altervista.org/nps%22%2C%22LastPopUpPage%22%3Anull%2C%22TimeSpentonSite%22%3A0%2C%22GoogleAnalyticsValue%22%3Anull%2C%22Dimension%22%3Anull%2C%22CookiePath%22%3A%22/%3B%20domain%3Dnps.gov%22%2C%22AdditionalAttributes%22%3A%7B%7D%2C%22ClickTracker%22%3A%22%22%2C%22PageIndex%22%3A0%7D
17:18:10.425 [TestNG-tests-1] INFO  selenium.PageDriver - Cookie: nps.gov-_gali-alerts-toggle
17:18:10.426 [TestNG-tests-1] INFO  selenium.PageDriver - Cookie: nps.gov-_gid-GA1.2.1700452596.1561853886
17:18:10.501 [TestNG-tests-1] INFO  selenium.PageDriver - Page Resources: 58
17:18:10.501 [TestNG-tests-1] INFO  selenium.PageDriver - Links: 9, Scripts: 22, Images: 7, XMLHttp: 4, CSS: 15, IFrame: 0, Other: 0, Unknown 1
17:18:10.524 [TestNG-tests-1] INFO  selenium.PageDriver - User agent: Mozilla/5.0 (X11; Linux x86_64) AppleWebKit/537.36 (KHTML, like Gecko) Chrome/75.0.3770.80 Safari/537.36
17:18:10.541 [TestNG-tests-1] INFO  selenium.PageDriver - Network: 44.0, Redirect: 0.0, Page Render: 837.0, Complete: 904.0
17:18:10.541 [TestNG-tests-1] INFO  selenium.PageDriver - TTFB: 38.0, TTLB 44.0, TTI 488.0, DocLoad 554.0
17:18:10.603 [TestNG-tests-1] INFO  selenium.DoreyTest - Park name: Captain John Smith Chesapeake National Historic Trail
17:18:15.593 [TestNG-tests-1] INFO  selenium.PageDriver - Number of cookies: 10
17:18:15.593 [TestNG-tests-1] INFO  selenium.PageDriver - Cookie: www.nps.gov-npf_newsletter_shown-yes
17:18:15.593 [TestNG-tests-1] INFO  selenium.PageDriver - Cookie: www.nps.gov-AWSALB-/x0i1+DMhtYI7BRP07ibbfWx9hqKj+JKg0iwmBL0YFQlD5kjfDfTFliIZ2+g9JXCRs9Cgway0IBldOoUnYe75mnYL8WquK6Th6gN1FauZB22PT9kF9lIJfCjuKGy
17:18:15.593 [TestNG-tests-1] INFO  selenium.PageDriver - Cookie: www.nps.gov-CFID-28534742
17:18:15.593 [TestNG-tests-1] INFO  selenium.PageDriver - Cookie: nps.gov-_gat_GSA_ENOR0-1
17:18:15.593 [TestNG-tests-1] INFO  selenium.PageDriver - Cookie: nps.gov-_ga-GA1.2.1999132340.1561853886
17:18:15.593 [TestNG-tests-1] INFO  selenium.PageDriver - Cookie: nps.gov-CFIWebMonSession-%7B%22GUID%22%3A%22ef85b3f3-0091-a9eb-8988-561853887165%22%2C%22EmailPhone%22%3A%22%22%2C%22HttpReferer%22%3A%22https%3A//derek.altervista.org/nps%22%2C%22PageViews%22%3A3%2C%22CurrentRuleId%22%3Anull%2C%22CurrentPType%22%3A0%2C%22Activity%22%3A%22Browse%22%2C%22SessionStart%22%3A1561853887160%2C%22UnloadDate%22%3Anull%2C%22WindowCount%22%3A3%2C%22LastPageStayTime%22%3Anull%2C%22AcceptOrDecline%22%3A%7B%7D%2C%22FirstBrowsePage%22%3A%22https%3A//www.nps.gov/alpo/index.htm%22%2C%22FirstBrowseTime%22%3A1561853887165%2C%22FinallyLeaveTime%22%3A1561853890363%2C%22FinallyBrowsePage%22%3A%22https%3A//www.nps.gov/cajo/index.htm%22%2C%22SiteReferrer%22%3A%22https%3A//derek.altervista.org/nps%22%2C%22LastPopUpPage%22%3Anull%2C%22TimeSpentonSite%22%3A0%2C%22GoogleAnalyticsValue%22%3Anull%2C%22Dimension%22%3Anull%2C%22CookiePath%22%3A%22/%3B%20domain%3Dnps.gov%22%2C%22AdditionalAttributes%22%3A%7B%7D%2C%22ClickTracker%22%3A%22%22%2C%22PageIndex%22%3A0%7D
17:18:15.594 [TestNG-tests-1] INFO  selenium.PageDriver - Cookie: www.nps.gov-JSESSIONID-CAB65CC1809393E3F7B9AA4E1BBCCEB8.CMS1
17:18:15.594 [TestNG-tests-1] INFO  selenium.PageDriver - Cookie: nps.gov-_gali-LocalNav
17:18:15.594 [TestNG-tests-1] INFO  selenium.PageDriver - Cookie: www.nps.gov-CFTOKEN-afc4e582a7344ef2-7976903C-0C97-35D1-45AC912F1C859D59
17:18:15.594 [TestNG-tests-1] INFO  selenium.PageDriver - Cookie: nps.gov-_gid-GA1.2.1700452596.1561853886
17:18:15.678 [TestNG-tests-1] INFO  selenium.PageDriver - Page Resources: 61
17:18:15.678 [TestNG-tests-1] INFO  selenium.PageDriver - Links: 9, Scripts: 22, Images: 10, XMLHttp: 4, CSS: 15, IFrame: 0, Other: 0, Unknown 1
17:18:15.695 [TestNG-tests-1] INFO  selenium.PageDriver - User agent: Mozilla/5.0 (X11; Linux x86_64) AppleWebKit/537.36 (KHTML, like Gecko) Chrome/75.0.3770.80 Safari/537.36
17:18:15.717 [TestNG-tests-1] INFO  selenium.PageDriver - Network: 79.0, Redirect: 0.0, Page Render: 4365.0, Complete: 4454.0
17:18:15.717 [TestNG-tests-1] INFO  selenium.PageDriver - TTFB: 74.0, TTLB 79.0, TTI 319.0, DocLoad 421.0
17:18:15.837 [TestNG-tests-1] INFO  selenium.DoreyTest - Park name: Chesapeake Bay
17:18:19.480 [TestNG-tests-1] INFO  selenium.PageDriver - Number of cookies: 10
17:18:19.480 [TestNG-tests-1] INFO  selenium.PageDriver - Cookie: www.nps.gov-npf_newsletter_shown-yes
17:18:19.480 [TestNG-tests-1] INFO  selenium.PageDriver - Cookie: www.nps.gov-AWSALB-H49CwJ5KhJ1QY1vJ/2Mf70fHbgKC+9CLFq4ZghLtYCtiWvBXn/bOeMIksQm63Kokq99DFq/7t+eQMDRhUR1SK15xH7r0vFJmNrnE8EEfF6tLnLTkf8j+7lQ/yy/d
17:18:19.480 [TestNG-tests-1] INFO  selenium.PageDriver - Cookie: www.nps.gov-CFID-28534742
17:18:19.480 [TestNG-tests-1] INFO  selenium.PageDriver - Cookie: nps.gov-_gat_GSA_ENOR0-1
17:18:19.480 [TestNG-tests-1] INFO  selenium.PageDriver - Cookie: nps.gov-_ga-GA1.2.1999132340.1561853886
17:18:19.480 [TestNG-tests-1] INFO  selenium.PageDriver - Cookie: nps.gov-CFIWebMonSession-%7B%22GUID%22%3A%22ef85b3f3-0091-a9eb-8988-561853887165%22%2C%22EmailPhone%22%3A%22%22%2C%22HttpReferer%22%3A%22https%3A//derek.altervista.org/nps%22%2C%22PageViews%22%3A4%2C%22CurrentRuleId%22%3Anull%2C%22CurrentPType%22%3A0%2C%22Activity%22%3A%22Browse%22%2C%22SessionStart%22%3A1561853887160%2C%22UnloadDate%22%3Anull%2C%22WindowCount%22%3A4%2C%22LastPageStayTime%22%3Anull%2C%22AcceptOrDecline%22%3A%7B%7D%2C%22FirstBrowsePage%22%3A%22https%3A//www.nps.gov/alpo/index.htm%22%2C%22FirstBrowseTime%22%3A1561853887165%2C%22FinallyLeaveTime%22%3A1561853897760%2C%22FinallyBrowsePage%22%3A%22https%3A//www.nps.gov/chba/index.htm%22%2C%22SiteReferrer%22%3A%22https%3A//derek.altervista.org/nps%22%2C%22LastPopUpPage%22%3Anull%2C%22TimeSpentonSite%22%3A0%2C%22GoogleAnalyticsValue%22%3Anull%2C%22Dimension%22%3Anull%2C%22CookiePath%22%3A%22/%3B%20domain%3Dnps.gov%22%2C%22AdditionalAttributes%22%3A%7B%7D%2C%22ClickTracker%22%3A%22%22%2C%22PageIndex%22%3A0%7D
17:18:19.480 [TestNG-tests-1] INFO  selenium.PageDriver - Cookie: www.nps.gov-JSESSIONID-56DEFFD624E02C8D6106655B2C49153B.CMS1
17:18:19.480 [TestNG-tests-1] INFO  selenium.PageDriver - Cookie: nps.gov-_gali-LocalNav
17:18:19.480 [TestNG-tests-1] INFO  selenium.PageDriver - Cookie: www.nps.gov-CFTOKEN-afc4e582a7344ef2-7976903C-0C97-35D1-45AC912F1C859D59
17:18:19.480 [TestNG-tests-1] INFO  selenium.PageDriver - Cookie: nps.gov-_gid-GA1.2.1700452596.1561853886
17:18:19.596 [TestNG-tests-1] INFO  selenium.PageDriver - Page Resources: 58
17:18:19.596 [TestNG-tests-1] INFO  selenium.PageDriver - Links: 9, Scripts: 22, Images: 7, XMLHttp: 4, CSS: 15, IFrame: 0, Other: 0, Unknown 1
17:18:19.616 [TestNG-tests-1] INFO  selenium.PageDriver - User agent: Mozilla/5.0 (X11; Linux x86_64) AppleWebKit/537.36 (KHTML, like Gecko) Chrome/75.0.3770.80 Safari/537.36
17:18:19.639 [TestNG-tests-1] INFO  selenium.PageDriver - Network: 1855.0, Redirect: 167.0, Page Render: 1164.0, Complete: 3209.0
17:18:19.639 [TestNG-tests-1] INFO  selenium.PageDriver - TTFB: 1853.0, TTLB 1855.0, TTI 339.0, DocLoad 2219.0
17:18:19.730 [TestNG-tests-1] INFO  selenium.DoreyTest - Park name: Chesapeake Bay Gateways and Watertrails Network
17:18:21.248 [TestNG-tests-1] INFO  selenium.PageDriver - Number of cookies: 10
17:18:21.248 [TestNG-tests-1] INFO  selenium.PageDriver - Cookie: www.nps.gov-npf_newsletter_shown-yes
17:18:21.248 [TestNG-tests-1] INFO  selenium.PageDriver - Cookie: www.nps.gov-AWSALB-110ppoL+CpHuoYKuzi1UpzjC3cIj9EEuD8ERm72r1UtTTsfW8t/DLuloqCoGtOEILNvnInSgBwDL7XjWAD7/5JYmrNg+yDDUGIuUPAOcYLgGsfLKO/0dkvNYQoVC
17:18:21.249 [TestNG-tests-1] INFO  selenium.PageDriver - Cookie: www.nps.gov-CFID-28534742
17:18:21.249 [TestNG-tests-1] INFO  selenium.PageDriver - Cookie: nps.gov-_gat_GSA_ENOR0-1
17:18:21.250 [TestNG-tests-1] INFO  selenium.PageDriver - Cookie: nps.gov-_ga-GA1.2.1999132340.1561853886
17:18:21.250 [TestNG-tests-1] INFO  selenium.PageDriver - Cookie: nps.gov-CFIWebMonSession-%7B%22GUID%22%3A%22ef85b3f3-0091-a9eb-8988-561853887165%22%2C%22EmailPhone%22%3A%22%22%2C%22HttpReferer%22%3A%22https%3A//derek.altervista.org/nps%22%2C%22PageViews%22%3A5%2C%22CurrentRuleId%22%3Anull%2C%22CurrentPType%22%3A0%2C%22Activity%22%3A%22Browse%22%2C%22SessionStart%22%3A1561853887160%2C%22UnloadDate%22%3Anull%2C%22WindowCount%22%3A5%2C%22LastPageStayTime%22%3Anull%2C%22AcceptOrDecline%22%3A%7B%7D%2C%22FirstBrowsePage%22%3A%22https%3A//www.nps.gov/alpo/index.htm%22%2C%22FirstBrowseTime%22%3A1561853887165%2C%22FinallyLeaveTime%22%3A1561853900057%2C%22FinallyBrowsePage%22%3A%22https%3A//www.nps.gov/chba/index.htm%22%2C%22SiteReferrer%22%3A%22https%3A//derek.altervista.org/nps%22%2C%22LastPopUpPage%22%3Anull%2C%22TimeSpentonSite%22%3A0%2C%22GoogleAnalyticsValue%22%3Anull%2C%22Dimension%22%3Anull%2C%22CookiePath%22%3A%22/%3B%20domain%3Dnps.gov%22%2C%22AdditionalAttributes%22%3A%7B%7D%2C%22ClickTracker%22%3A%22%22%2C%22PageIndex%22%3A0%7D
17:18:21.251 [TestNG-tests-1] INFO  selenium.PageDriver - Cookie: www.nps.gov-JSESSIONID-56DEFFD624E02C8D6106655B2C49153B.CMS1
17:18:21.251 [TestNG-tests-1] INFO  selenium.PageDriver - Cookie: nps.gov-_gali-LocalNav
17:18:21.251 [TestNG-tests-1] INFO  selenium.PageDriver - Cookie: www.nps.gov-CFTOKEN-afc4e582a7344ef2-7976903C-0C97-35D1-45AC912F1C859D59
17:18:21.251 [TestNG-tests-1] INFO  selenium.PageDriver - Cookie: nps.gov-_gid-GA1.2.1700452596.1561853886
17:18:21.345 [TestNG-tests-1] INFO  selenium.PageDriver - Page Resources: 57
17:18:21.346 [TestNG-tests-1] INFO  selenium.PageDriver - Links: 9, Scripts: 22, Images: 7, XMLHttp: 3, CSS: 15, IFrame: 0, Other: 0, Unknown 1
17:18:21.363 [TestNG-tests-1] INFO  selenium.PageDriver - User agent: Mozilla/5.0 (X11; Linux x86_64) AppleWebKit/537.36 (KHTML, like Gecko) Chrome/75.0.3770.80 Safari/537.36
17:18:21.382 [TestNG-tests-1] INFO  selenium.PageDriver - Network: 39.0, Redirect: 257.0, Page Render: 527.0, Complete: 842.0
17:18:21.382 [TestNG-tests-1] INFO  selenium.PageDriver - TTFB: 35.0, TTLB 39.0, TTI 394.0, DocLoad 455.0
17:18:21.506 [TestNG-tests-1] INFO  selenium.DoreyTest - Park name: Delaware & Lehigh National Heritage Corridor
17:18:24.678 [TestNG-tests-1] INFO  selenium.PageDriver - Number of cookies: 10
17:18:24.679 [TestNG-tests-1] INFO  selenium.PageDriver - Cookie: www.nps.gov-npf_newsletter_shown-yes
17:18:24.679 [TestNG-tests-1] INFO  selenium.PageDriver - Cookie: www.nps.gov-AWSALB-Xuj68IOWnZf5iBCjCBZDtg2/ZMWWExgk6AY38lsm5gLToUqvPFpuMFYTXSV/pvQ90kJ7xx4OV9MSISDixfR/1lf5PkYE3gFEYL0AJRmwClyhth24nRsYLWNmNiA5
17:18:24.679 [TestNG-tests-1] INFO  selenium.PageDriver - Cookie: www.nps.gov-CFID-28534742
17:18:24.679 [TestNG-tests-1] INFO  selenium.PageDriver - Cookie: nps.gov-_gat_GSA_ENOR0-1
17:18:24.680 [TestNG-tests-1] INFO  selenium.PageDriver - Cookie: nps.gov-_ga-GA1.2.1999132340.1561853886
17:18:24.680 [TestNG-tests-1] INFO  selenium.PageDriver - Cookie: nps.gov-CFIWebMonSession-%7B%22GUID%22%3A%22ef85b3f3-0091-a9eb-8988-561853887165%22%2C%22EmailPhone%22%3A%22%22%2C%22HttpReferer%22%3A%22https%3A//derek.altervista.org/nps%22%2C%22PageViews%22%3A6%2C%22CurrentRuleId%22%3Anull%2C%22CurrentPType%22%3A0%2C%22Activity%22%3A%22Browse%22%2C%22SessionStart%22%3A1561853887160%2C%22UnloadDate%22%3Anull%2C%22WindowCount%22%3A6%2C%22LastPageStayTime%22%3Anull%2C%22AcceptOrDecline%22%3A%7B%7D%2C%22FirstBrowsePage%22%3A%22https%3A//www.nps.gov/alpo/index.htm%22%2C%22FirstBrowseTime%22%3A1561853887165%2C%22FinallyLeaveTime%22%3A1561853902944%2C%22FinallyBrowsePage%22%3A%22https%3A//www.nps.gov/dele/index.htm%22%2C%22SiteReferrer%22%3A%22https%3A//derek.altervista.org/nps%22%2C%22LastPopUpPage%22%3Anull%2C%22TimeSpentonSite%22%3A0%2C%22GoogleAnalyticsValue%22%3Anull%2C%22Dimension%22%3Anull%2C%22CookiePath%22%3A%22/%3B%20domain%3Dnps.gov%22%2C%22AdditionalAttributes%22%3A%7B%7D%2C%22ClickTracker%22%3A%22%22%2C%22PageIndex%22%3A0%7D
17:18:24.681 [TestNG-tests-1] INFO  selenium.PageDriver - Cookie: www.nps.gov-JSESSIONID-D9CC8BEA3E5E63A4718FC4D65DD76F4B.CMS1
17:18:24.681 [TestNG-tests-1] INFO  selenium.PageDriver - Cookie: nps.gov-_gali-LocalNav
17:18:24.681 [TestNG-tests-1] INFO  selenium.PageDriver - Cookie: www.nps.gov-CFTOKEN-afc4e582a7344ef2-7976903C-0C97-35D1-45AC912F1C859D59
17:18:24.682 [TestNG-tests-1] INFO  selenium.PageDriver - Cookie: nps.gov-_gid-GA1.2.1700452596.1561853886
17:18:24.776 [TestNG-tests-1] INFO  selenium.PageDriver - Page Resources: 56
17:18:24.776 [TestNG-tests-1] INFO  selenium.PageDriver - Links: 9, Scripts: 22, Images: 5, XMLHttp: 4, CSS: 15, IFrame: 0, Other: 0, Unknown 1
17:18:24.802 [TestNG-tests-1] INFO  selenium.PageDriver - User agent: Mozilla/5.0 (X11; Linux x86_64) AppleWebKit/537.36 (KHTML, like Gecko) Chrome/75.0.3770.80 Safari/537.36
17:18:24.906 [TestNG-tests-1] INFO  selenium.PageDriver - Network: 1938.0, Redirect: 0.0, Page Render: 1055.0, Complete: 3014.0
17:18:24.906 [TestNG-tests-1] INFO  selenium.PageDriver - TTFB: 1934.0, TTLB 1938.0, TTI 413.0, DocLoad 2376.0
17:18:25.006 [TestNG-tests-1] INFO  selenium.DoreyTest - Park name: Delaware Water Gap National Recreation Area
17:18:26.048 [TestNG-tests-1] INFO  selenium.PageDriver - Number of cookies: 10
17:18:26.049 [TestNG-tests-1] INFO  selenium.PageDriver - Cookie: www.nps.gov-npf_newsletter_shown-yes
17:18:26.049 [TestNG-tests-1] INFO  selenium.PageDriver - Cookie: www.nps.gov-AWSALB-8KUB2Mo2yZPGh/guwHGJDmWfvFTZCYvL1w+i7iG9p8jNKRi/RVvVfe3oeuKywbXXX7kiuu/42sYxOYXFaZ/y2DiVLs7ubHZOUVbkXVanVKnqAUQATFTXlD/HCDQ+
17:18:26.049 [TestNG-tests-1] INFO  selenium.PageDriver - Cookie: www.nps.gov-CFID-28534742
17:18:26.049 [TestNG-tests-1] INFO  selenium.PageDriver - Cookie: nps.gov-_gat_GSA_ENOR0-1
17:18:26.050 [TestNG-tests-1] INFO  selenium.PageDriver - Cookie: nps.gov-_ga-GA1.2.1999132340.1561853886
17:18:26.050 [TestNG-tests-1] INFO  selenium.PageDriver - Cookie: nps.gov-CFIWebMonSession-%7B%22GUID%22%3A%22ef85b3f3-0091-a9eb-8988-561853887165%22%2C%22EmailPhone%22%3A%22%22%2C%22HttpReferer%22%3A%22https%3A//derek.altervista.org/nps%22%2C%22PageViews%22%3A7%2C%22CurrentRuleId%22%3Anull%2C%22CurrentPType%22%3A0%2C%22Activity%22%3A%22Browse%22%2C%22SessionStart%22%3A1561853887160%2C%22UnloadDate%22%3Anull%2C%22WindowCount%22%3A7%2C%22LastPageStayTime%22%3Anull%2C%22AcceptOrDecline%22%3A%7B%7D%2C%22FirstBrowsePage%22%3A%22https%3A//www.nps.gov/alpo/index.htm%22%2C%22FirstBrowseTime%22%3A1561853887165%2C%22FinallyLeaveTime%22%3A1561853904587%2C%22FinallyBrowsePage%22%3A%22https%3A//www.nps.gov/dewa/index.htm%22%2C%22SiteReferrer%22%3A%22https%3A//derek.altervista.org/nps%22%2C%22LastPopUpPage%22%3Anull%2C%22TimeSpentonSite%22%3A0%2C%22GoogleAnalyticsValue%22%3Anull%2C%22Dimension%22%3Anull%2C%22CookiePath%22%3A%22/%3B%20domain%3Dnps.gov%22%2C%22AdditionalAttributes%22%3A%7B%7D%2C%22ClickTracker%22%3A%22%22%2C%22PageIndex%22%3A0%7D
17:18:26.050 [TestNG-tests-1] INFO  selenium.PageDriver - Cookie: www.nps.gov-JSESSIONID-D9CC8BEA3E5E63A4718FC4D65DD76F4B.CMS1
17:18:26.051 [TestNG-tests-1] INFO  selenium.PageDriver - Cookie: nps.gov-_gali-alerts-toggle
17:18:26.057 [TestNG-tests-1] INFO  selenium.PageDriver - Cookie: www.nps.gov-CFTOKEN-afc4e582a7344ef2-7976903C-0C97-35D1-45AC912F1C859D59
17:18:26.057 [TestNG-tests-1] INFO  selenium.PageDriver - Cookie: nps.gov-_gid-GA1.2.1700452596.1561853886
17:18:26.137 [TestNG-tests-1] INFO  selenium.PageDriver - Page Resources: 58
17:18:26.137 [TestNG-tests-1] INFO  selenium.PageDriver - Links: 9, Scripts: 22, Images: 7, XMLHttp: 4, CSS: 15, IFrame: 0, Other: 0, Unknown 1
17:18:26.155 [TestNG-tests-1] INFO  selenium.PageDriver - User agent: Mozilla/5.0 (X11; Linux x86_64) AppleWebKit/537.36 (KHTML, like Gecko) Chrome/75.0.3770.80 Safari/537.36
17:18:26.173 [TestNG-tests-1] INFO  selenium.PageDriver - Network: 32.0, Redirect: 0.0, Page Render: 751.0, Complete: 801.0
17:18:26.173 [TestNG-tests-1] INFO  selenium.PageDriver - TTFB: 29.0, TTLB 32.0, TTI 444.0, DocLoad 507.0
17:18:26.467 [TestNG-tests-1] INFO  selenium.DoreyTest - Park name: Edgar Allan Poe National Historic Site
17:18:29.374 [TestNG-tests-1] INFO  selenium.PageDriver - Number of cookies: 10
17:18:29.374 [TestNG-tests-1] INFO  selenium.PageDriver - Cookie: www.nps.gov-npf_newsletter_shown-yes
17:18:29.374 [TestNG-tests-1] INFO  selenium.PageDriver - Cookie: www.nps.gov-AWSALB-Q5Ub1VyqwhUnVTxqz0Wl35EGlyD2RQ5L+aDUCBuP5mT33dKwJ/e0TbvS5XgE4vtZW3nSNOBgme9x6iaTDhTYJqq/0SvVhr2wXMaMXFBWvoPW1lqrEEJ3njn1dVM+
17:18:29.375 [TestNG-tests-1] INFO  selenium.PageDriver - Cookie: www.nps.gov-CFID-28534742
17:18:29.375 [TestNG-tests-1] INFO  selenium.PageDriver - Cookie: nps.gov-_gat_GSA_ENOR0-1
17:18:29.375 [TestNG-tests-1] INFO  selenium.PageDriver - Cookie: nps.gov-_ga-GA1.2.1999132340.1561853886
17:18:29.376 [TestNG-tests-1] INFO  selenium.PageDriver - Cookie: nps.gov-CFIWebMonSession-%7B%22GUID%22%3A%22ef85b3f3-0091-a9eb-8988-561853887165%22%2C%22EmailPhone%22%3A%22%22%2C%22HttpReferer%22%3A%22https%3A//derek.altervista.org/nps%22%2C%22PageViews%22%3A8%2C%22CurrentRuleId%22%3Anull%2C%22CurrentPType%22%3A0%2C%22Activity%22%3A%22Browse%22%2C%22SessionStart%22%3A1561853887160%2C%22UnloadDate%22%3Anull%2C%22WindowCount%22%3A8%2C%22LastPageStayTime%22%3Anull%2C%22AcceptOrDecline%22%3A%7B%7D%2C%22FirstBrowsePage%22%3A%22https%3A//www.nps.gov/alpo/index.htm%22%2C%22FirstBrowseTime%22%3A1561853887165%2C%22FinallyLeaveTime%22%3A1561853907974%2C%22FinallyBrowsePage%22%3A%22https%3A//www.nps.gov/edal/index.htm%22%2C%22SiteReferrer%22%3A%22https%3A//derek.altervista.org/nps%22%2C%22LastPopUpPage%22%3Anull%2C%22TimeSpentonSite%22%3A0%2C%22GoogleAnalyticsValue%22%3Anull%2C%22Dimension%22%3Anull%2C%22CookiePath%22%3A%22/%3B%20domain%3Dnps.gov%22%2C%22AdditionalAttributes%22%3A%7B%7D%2C%22ClickTracker%22%3A%22%22%2C%22PageIndex%22%3A0%7D
17:18:29.376 [TestNG-tests-1] INFO  selenium.PageDriver - Cookie: www.nps.gov-JSESSIONID-DC278A91AF82D431733CDB5B517C4C9F.CMS1
17:18:29.376 [TestNG-tests-1] INFO  selenium.PageDriver - Cookie: nps.gov-_gali-LocalNav
17:18:29.376 [TestNG-tests-1] INFO  selenium.PageDriver - Cookie: www.nps.gov-CFTOKEN-afc4e582a7344ef2-7976903C-0C97-35D1-45AC912F1C859D59
17:18:29.377 [TestNG-tests-1] INFO  selenium.PageDriver - Cookie: nps.gov-_gid-GA1.2.1700452596.1561853886
17:18:29.557 [TestNG-tests-1] INFO  selenium.PageDriver - Page Resources: 59
17:18:29.558 [TestNG-tests-1] INFO  selenium.PageDriver - Links: 9, Scripts: 22, Images: 8, XMLHttp: 4, CSS: 15, IFrame: 0, Other: 0, Unknown 1
17:18:29.579 [TestNG-tests-1] INFO  selenium.PageDriver - User agent: Mozilla/5.0 (X11; Linux x86_64) AppleWebKit/537.36 (KHTML, like Gecko) Chrome/75.0.3770.80 Safari/537.36
17:18:29.600 [TestNG-tests-1] INFO  selenium.PageDriver - Network: 1925.0, Redirect: 0.0, Page Render: 767.0, Complete: 2704.0
17:18:29.600 [TestNG-tests-1] INFO  selenium.PageDriver - TTFB: 1922.0, TTLB 1925.0, TTI 326.0, DocLoad 2272.0
17:18:29.675 [TestNG-tests-1] INFO  selenium.DoreyTest - Park name: Eisenhower National Historic Site
]]></system-out>
  </testcase>
  <testcase name="testStarWars" classname="selenium.DoreyTest" time="4.924"/>
  <testcase name="testWorld" classname="selenium.DoreyTest" time="20.493">
    <failure message="Expected condition failed: waiting for presence of element located by: By.id: nav-derek-tab (tried for 20 second(s) with 500 milliseconds interval)" type="org.openqa.selenium.TimeoutException">org.openqa.selenium.TimeoutException: Expected condition failed: waiting for presence of element located by: By.id: nav-derek-tab (tried for 20 second(s) with 500 milliseconds interval)
	at selenium.DoreyTest.testWorld(DoreyTest.java:101)
Caused by: org.openqa.selenium.NoSuchElementException: 
Unable to locate element: #nav\-derek\-tab
For documentation on this error, please visit: https://www.seleniumhq.org/exceptions/no_such_element.html
Build info: version: '3.141.59', revision: 'e82be7d358', time: '2018-11-14T08:17:03'
System info: host: 'DESKTOP-0BUJ7PH', ip: '192.168.1.15', os.name: 'Windows 10', os.arch: 'amd64', os.version: '10.0', java.version: '1.8.0_201'
Driver info: org.openqa.selenium.remote.RemoteWebDriver
Capabilities {acceptInsecureCerts: true, browserName: firefox, browserVersion: 67.0.1, javascriptEnabled: true, moz:accessibilityChecks: false, moz:buildID: 20190529130856, moz:geckodriverVersion: 0.24.0, moz:headless: false, moz:processID: 2397, moz:profile: /tmp/rust_mozprofile.AaF9uU..., moz:shutdownTimeout: 60000, moz:useNonSpecCompliantPointerOrigin: false, moz:webdriverClick: true, pageLoadStrategy: normal, platform: LINUX, platformName: LINUX, platformVersion: 4.18.0-24-generic, rotatable: false, setWindowRect: true, strictFileInteractability: false, timeouts: {implicit: 0, pageLoad: 300000, script: 30000}, unhandledPromptBehavior: dismiss and notify, webdriver.remote.sessionid: 3be293e5-c9e0-4f84-a3d6-05f...}
Session ID: 3be293e5-c9e0-4f84-a3d6-05f06c520f94
*** Element info: {Using=id, value=nav-derek-tab}
	at selenium.DoreyTest.testWorld(DoreyTest.java:101)
</failure>
    <system-out><![CDATA[17:18:29.791 [TestNG-tests-2] INFO  selenium.PageDriver - Test failed: testStarWars
17:18:29.791 [TestNG-tests-2] INFO  selenium.PageDriver - Starting test: testWorld
17:18:29.791 [TestNG-tests-2] INFO  selenium.PageDriver - Click element By.id: nav-derek-tab
17:18:29.791 [TestNG-tests-2] INFO  selenium.PageDriver - Wait for element By.id: nav-derek-tab
17:18:31.552 [TestNG-tests-1] INFO  selenium.PageDriver - Number of cookies: 10
17:18:31.552 [TestNG-tests-1] INFO  selenium.PageDriver - Cookie: www.nps.gov-npf_newsletter_shown-yes
17:18:31.552 [TestNG-tests-1] INFO  selenium.PageDriver - Cookie: www.nps.gov-AWSALB-IUCqVVmHCRpUY1KxDT/Vf2ljV4ZvhcPMhqyGvqBFPTeOqZH1v4csBxpCUz7V7CjHmPaMMi/vhmrvmNE2ePC0UB2UI5j7Y8CBd3Q7VOkARDnncCwyULQtoAVMnK90
17:18:31.552 [TestNG-tests-1] INFO  selenium.PageDriver - Cookie: www.nps.gov-CFID-28534742
17:18:31.552 [TestNG-tests-1] INFO  selenium.PageDriver - Cookie: nps.gov-_gat_GSA_ENOR0-1
17:18:31.553 [TestNG-tests-1] INFO  selenium.PageDriver - Cookie: nps.gov-_ga-GA1.2.1999132340.1561853886
17:18:31.553 [TestNG-tests-1] INFO  selenium.PageDriver - Cookie: nps.gov-CFIWebMonSession-%7B%22GUID%22%3A%22ef85b3f3-0091-a9eb-8988-561853887165%22%2C%22EmailPhone%22%3A%22%22%2C%22HttpReferer%22%3A%22https%3A//derek.altervista.org/nps%22%2C%22PageViews%22%3A9%2C%22CurrentRuleId%22%3Anull%2C%22CurrentPType%22%3A0%2C%22Activity%22%3A%22Browse%22%2C%22SessionStart%22%3A1561853887160%2C%22UnloadDate%22%3Anull%2C%22WindowCount%22%3A9%2C%22LastPageStayTime%22%3Anull%2C%22AcceptOrDecline%22%3A%7B%7D%2C%22FirstBrowsePage%22%3A%22https%3A//www.nps.gov/alpo/index.htm%22%2C%22FirstBrowseTime%22%3A1561853887165%2C%22FinallyLeaveTime%22%3A1561853909738%2C%22FinallyBrowsePage%22%3A%22https%3A//www.nps.gov/eise/index.htm%22%2C%22SiteReferrer%22%3A%22https%3A//derek.altervista.org/nps%22%2C%22LastPopUpPage%22%3Anull%2C%22TimeSpentonSite%22%3A0%2C%22GoogleAnalyticsValue%22%3Anull%2C%22Dimension%22%3Anull%2C%22CookiePath%22%3A%22/%3B%20domain%3Dnps.gov%22%2C%22AdditionalAttributes%22%3A%7B%7D%2C%22ClickTracker%22%3A%22%22%2C%22PageIndex%22%3A0%7D
17:18:31.553 [TestNG-tests-1] INFO  selenium.PageDriver - Cookie: www.nps.gov-JSESSIONID-DC278A91AF82D431733CDB5B517C4C9F.CMS1
17:18:31.553 [TestNG-tests-1] INFO  selenium.PageDriver - Cookie: nps.gov-_gali-LocalNav
17:18:31.553 [TestNG-tests-1] INFO  selenium.PageDriver - Cookie: www.nps.gov-CFTOKEN-afc4e582a7344ef2-7976903C-0C97-35D1-45AC912F1C859D59
17:18:31.554 [TestNG-tests-1] INFO  selenium.PageDriver - Cookie: nps.gov-_gid-GA1.2.1700452596.1561853886
17:18:31.663 [TestNG-tests-1] INFO  selenium.PageDriver - Page Resources: 75
17:18:31.663 [TestNG-tests-1] INFO  selenium.PageDriver - Links: 15, Scripts: 29, Images: 8, XMLHttp: 5, CSS: 16, IFrame: 0, Other: 0, Unknown 2
17:18:31.677 [TestNG-tests-1] INFO  selenium.PageDriver - User agent: Mozilla/5.0 (X11; Linux x86_64) AppleWebKit/537.36 (KHTML, like Gecko) Chrome/75.0.3770.80 Safari/537.36
17:18:31.693 [TestNG-tests-1] INFO  selenium.PageDriver - Network: 37.0, Redirect: 0.0, Page Render: 1403.0, Complete: 1467.0
17:18:31.694 [TestNG-tests-1] INFO  selenium.PageDriver - TTFB: 32.0, TTLB 37.0, TTI 872.0, DocLoad 935.0
17:18:31.765 [TestNG-tests-1] INFO  selenium.DoreyTest - Park name: First State National Historical Park
17:18:32.929 [TestNG-tests-1] INFO  selenium.PageDriver - Number of cookies: 10
17:18:32.929 [TestNG-tests-1] INFO  selenium.PageDriver - Cookie: www.nps.gov-npf_newsletter_shown-yes
17:18:32.929 [TestNG-tests-1] INFO  selenium.PageDriver - Cookie: www.nps.gov-AWSALB-UmZP64/RRozrjI6/LMQTHrejKqR5qVv8KPwpaGJymWCPJ8U8eQeQ1b0nK6lUjo634gofpKD445Cgvcbzatju9q9vKBJdwbyArqW2w0WKVk39SOwvuH1onJFkXY/d
17:18:32.930 [TestNG-tests-1] INFO  selenium.PageDriver - Cookie: www.nps.gov-CFID-28534742
17:18:32.930 [TestNG-tests-1] INFO  selenium.PageDriver - Cookie: nps.gov-_gat_GSA_ENOR0-1
17:18:32.930 [TestNG-tests-1] INFO  selenium.PageDriver - Cookie: nps.gov-_ga-GA1.2.1999132340.1561853886
17:18:32.930 [TestNG-tests-1] INFO  selenium.PageDriver - Cookie: nps.gov-CFIWebMonSession-%7B%22GUID%22%3A%22ef85b3f3-0091-a9eb-8988-561853887165%22%2C%22EmailPhone%22%3A%22%22%2C%22HttpReferer%22%3A%22https%3A//derek.altervista.org/nps%22%2C%22PageViews%22%3A10%2C%22CurrentRuleId%22%3Anull%2C%22CurrentPType%22%3A0%2C%22Activity%22%3A%22Browse%22%2C%22SessionStart%22%3A1561853887160%2C%22UnloadDate%22%3Anull%2C%22WindowCount%22%3A10%2C%22LastPageStayTime%22%3Anull%2C%22AcceptOrDecline%22%3A%7B%7D%2C%22FirstBrowsePage%22%3A%22https%3A//www.nps.gov/alpo/index.htm%22%2C%22FirstBrowseTime%22%3A1561853887165%2C%22FinallyLeaveTime%22%3A1561853911507%2C%22FinallyBrowsePage%22%3A%22https%3A//www.nps.gov/frst/index.htm%22%2C%22SiteReferrer%22%3A%22https%3A//derek.altervista.org/nps%22%2C%22LastPopUpPage%22%3Anull%2C%22TimeSpentonSite%22%3A0%2C%22GoogleAnalyticsValue%22%3Anull%2C%22Dimension%22%3Anull%2C%22CookiePath%22%3A%22/%3B%20domain%3Dnps.gov%22%2C%22AdditionalAttributes%22%3A%7B%7D%2C%22ClickTracker%22%3A%22%22%2C%22PageIndex%22%3A0%7D
17:18:32.931 [TestNG-tests-1] INFO  selenium.PageDriver - Cookie: www.nps.gov-JSESSIONID-4D77EFE886D7BD54B3F8434FFD9D366C.CMS1
17:18:32.931 [TestNG-tests-1] INFO  selenium.PageDriver - Cookie: nps.gov-_gali-LocalNav
17:18:32.931 [TestNG-tests-1] INFO  selenium.PageDriver - Cookie: www.nps.gov-CFTOKEN-afc4e582a7344ef2-7976903C-0C97-35D1-45AC912F1C859D59
17:18:32.931 [TestNG-tests-1] INFO  selenium.PageDriver - Cookie: nps.gov-_gid-GA1.2.1700452596.1561853886
17:18:33.001 [TestNG-tests-1] INFO  selenium.PageDriver - Page Resources: 60
17:18:33.002 [TestNG-tests-1] INFO  selenium.PageDriver - Links: 9, Scripts: 22, Images: 9, XMLHttp: 4, CSS: 15, IFrame: 0, Other: 0, Unknown 1
17:18:33.032 [TestNG-tests-1] INFO  selenium.PageDriver - User agent: Mozilla/5.0 (X11; Linux x86_64) AppleWebKit/537.36 (KHTML, like Gecko) Chrome/75.0.3770.80 Safari/537.36
17:18:33.052 [TestNG-tests-1] INFO  selenium.PageDriver - Network: 109.0, Redirect: 0.0, Page Render: 844.0, Complete: 974.0
17:18:33.053 [TestNG-tests-1] INFO  selenium.PageDriver - TTFB: 105.0, TTLB 109.0, TTI 333.0, DocLoad 463.0
17:18:33.123 [TestNG-tests-1] INFO  selenium.DoreyTest - Park name: Flight 93 National Memorial
17:18:34.297 [TestNG-tests-1] INFO  selenium.PageDriver - Number of cookies: 10
17:18:34.298 [TestNG-tests-1] INFO  selenium.PageDriver - Cookie: www.nps.gov-npf_newsletter_shown-yes
17:18:34.298 [TestNG-tests-1] INFO  selenium.PageDriver - Cookie: www.nps.gov-AWSALB-K7Lb/IysWPJPVKjz5cTAL0sMJXUmalNXoP5ByZOuyyclaVRlGWhJFftemB6EvqQAVBnS4cYG++yrbNvQZKD79yslLSS0ukDnt9/905+TvGR4ZppYnLXnEAfVG5TC
17:18:34.299 [TestNG-tests-1] INFO  selenium.PageDriver - Cookie: www.nps.gov-CFID-28534742
17:18:34.299 [TestNG-tests-1] INFO  selenium.PageDriver - Cookie: nps.gov-_gat_GSA_ENOR0-1
17:18:34.299 [TestNG-tests-1] INFO  selenium.PageDriver - Cookie: nps.gov-_ga-GA1.2.1999132340.1561853886
17:18:34.300 [TestNG-tests-1] INFO  selenium.PageDriver - Cookie: nps.gov-CFIWebMonSession-%7B%22GUID%22%3A%22ef85b3f3-0091-a9eb-8988-561853887165%22%2C%22EmailPhone%22%3A%22%22%2C%22HttpReferer%22%3A%22https%3A//derek.altervista.org/nps%22%2C%22PageViews%22%3A11%2C%22CurrentRuleId%22%3Anull%2C%22CurrentPType%22%3A0%2C%22Activity%22%3A%22Browse%22%2C%22SessionStart%22%3A1561853887160%2C%22UnloadDate%22%3Anull%2C%22WindowCount%22%3A11%2C%22LastPageStayTime%22%3Anull%2C%22AcceptOrDecline%22%3A%7B%7D%2C%22FirstBrowsePage%22%3A%22https%3A//www.nps.gov/alpo/index.htm%22%2C%22FirstBrowseTime%22%3A1561853887165%2C%22FinallyLeaveTime%22%3A1561853912789%2C%22FinallyBrowsePage%22%3A%22https%3A//www.nps.gov/flni/index.htm%22%2C%22SiteReferrer%22%3A%22https%3A//derek.altervista.org/nps%22%2C%22LastPopUpPage%22%3Anull%2C%22TimeSpentonSite%22%3A0%2C%22GoogleAnalyticsValue%22%3Anull%2C%22Dimension%22%3Anull%2C%22CookiePath%22%3A%22/%3B%20domain%3Dnps.gov%22%2C%22AdditionalAttributes%22%3A%7B%7D%2C%22ClickTracker%22%3A%22%22%2C%22PageIndex%22%3A0%7D
17:18:34.300 [TestNG-tests-1] INFO  selenium.PageDriver - Cookie: www.nps.gov-JSESSIONID-4D77EFE886D7BD54B3F8434FFD9D366C.CMS1
17:18:34.301 [TestNG-tests-1] INFO  selenium.PageDriver - Cookie: nps.gov-_gali-LocalNav
17:18:34.301 [TestNG-tests-1] INFO  selenium.PageDriver - Cookie: www.nps.gov-CFTOKEN-afc4e582a7344ef2-7976903C-0C97-35D1-45AC912F1C859D59
17:18:34.301 [TestNG-tests-1] INFO  selenium.PageDriver - Cookie: nps.gov-_gid-GA1.2.1700452596.1561853886
17:18:34.369 [TestNG-tests-1] INFO  selenium.PageDriver - Page Resources: 59
17:18:34.370 [TestNG-tests-1] INFO  selenium.PageDriver - Links: 9, Scripts: 22, Images: 8, XMLHttp: 4, CSS: 15, IFrame: 0, Other: 0, Unknown 1
17:18:34.392 [TestNG-tests-1] INFO  selenium.PageDriver - User agent: Mozilla/5.0 (X11; Linux x86_64) AppleWebKit/537.36 (KHTML, like Gecko) Chrome/75.0.3770.80 Safari/537.36
17:18:34.436 [TestNG-tests-1] INFO  selenium.PageDriver - Network: 41.0, Redirect: 0.0, Page Render: 773.0, Complete: 827.0
17:18:34.437 [TestNG-tests-1] INFO  selenium.PageDriver - TTFB: 37.0, TTLB 41.0, TTI 432.0, DocLoad 497.0
17:18:34.519 [TestNG-tests-1] INFO  selenium.DoreyTest - Park name: Fort Necessity National Battlefield
17:18:37.264 [TestNG-tests-1] INFO  selenium.PageDriver - Number of cookies: 10
17:18:37.264 [TestNG-tests-1] INFO  selenium.PageDriver - Cookie: www.nps.gov-npf_newsletter_shown-yes
17:18:37.265 [TestNG-tests-1] INFO  selenium.PageDriver - Cookie: www.nps.gov-AWSALB-l2UIIoEEptySMdJ7uzMj82X3zwB7ai60kHdL1ofVsaFtqBxp87Xw96RAKz7dAg31/NM4vA0OMwdKwa75+YHyFWoZobB44XoCthJ51HDi9+Ur2Igkd6t53hYk3F9C
17:18:37.265 [TestNG-tests-1] INFO  selenium.PageDriver - Cookie: www.nps.gov-CFID-28534742
17:18:37.265 [TestNG-tests-1] INFO  selenium.PageDriver - Cookie: nps.gov-_gat_GSA_ENOR0-1
17:18:37.265 [TestNG-tests-1] INFO  selenium.PageDriver - Cookie: nps.gov-_ga-GA1.2.1999132340.1561853886
17:18:37.265 [TestNG-tests-1] INFO  selenium.PageDriver - Cookie: nps.gov-CFIWebMonSession-%7B%22GUID%22%3A%22ef85b3f3-0091-a9eb-8988-561853887165%22%2C%22EmailPhone%22%3A%22%22%2C%22HttpReferer%22%3A%22https%3A//derek.altervista.org/nps%22%2C%22PageViews%22%3A12%2C%22CurrentRuleId%22%3Anull%2C%22CurrentPType%22%3A0%2C%22Activity%22%3A%22Browse%22%2C%22SessionStart%22%3A1561853887160%2C%22UnloadDate%22%3Anull%2C%22WindowCount%22%3A12%2C%22LastPageStayTime%22%3Anull%2C%22AcceptOrDecline%22%3A%7B%7D%2C%22FirstBrowsePage%22%3A%22https%3A//www.nps.gov/alpo/index.htm%22%2C%22FirstBrowseTime%22%3A1561853887165%2C%22FinallyLeaveTime%22%3A1561853915710%2C%22FinallyBrowsePage%22%3A%22https%3A//www.nps.gov/fone/index.htm%22%2C%22SiteReferrer%22%3A%22https%3A//derek.altervista.org/nps%22%2C%22LastPopUpPage%22%3Anull%2C%22TimeSpentonSite%22%3A0%2C%22GoogleAnalyticsValue%22%3Anull%2C%22Dimension%22%3Anull%2C%22CookiePath%22%3A%22/%3B%20domain%3Dnps.gov%22%2C%22AdditionalAttributes%22%3A%7B%7D%2C%22ClickTracker%22%3A%22%22%2C%22PageIndex%22%3A0%7D
17:18:37.265 [TestNG-tests-1] INFO  selenium.PageDriver - Cookie: www.nps.gov-JSESSIONID-FC85A4458843DF1667125CF1999F3709.CMS1
17:18:37.265 [TestNG-tests-1] INFO  selenium.PageDriver - Cookie: nps.gov-_gali-LocalNav
17:18:37.265 [TestNG-tests-1] INFO  selenium.PageDriver - Cookie: www.nps.gov-CFTOKEN-afc4e582a7344ef2-7976903C-0C97-35D1-45AC912F1C859D59
17:18:37.265 [TestNG-tests-1] INFO  selenium.PageDriver - Cookie: nps.gov-_gid-GA1.2.1700452596.1561853886
17:18:37.327 [TestNG-tests-1] INFO  selenium.PageDriver - Page Resources: 56
17:18:37.327 [TestNG-tests-1] INFO  selenium.PageDriver - Links: 9, Scripts: 22, Images: 5, XMLHttp: 4, CSS: 15, IFrame: 0, Other: 0, Unknown 1
17:18:37.346 [TestNG-tests-1] INFO  selenium.PageDriver - User agent: Mozilla/5.0 (X11; Linux x86_64) AppleWebKit/537.36 (KHTML, like Gecko) Chrome/75.0.3770.80 Safari/537.36
17:18:37.364 [TestNG-tests-1] INFO  selenium.PageDriver - Network: 1580.0, Redirect: 0.0, Page Render: 847.0, Complete: 2438.0
17:18:37.364 [TestNG-tests-1] INFO  selenium.PageDriver - TTFB: 1574.0, TTLB 1580.0, TTI 388.0, DocLoad 1988.0
17:18:37.456 [TestNG-tests-1] INFO  selenium.DoreyTest - Park name: Friendship Hill National Historic Site
17:18:40.559 [TestNG-tests-1] INFO  selenium.PageDriver - Number of cookies: 10
17:18:40.560 [TestNG-tests-1] INFO  selenium.PageDriver - Cookie: www.nps.gov-npf_newsletter_shown-yes
17:18:40.560 [TestNG-tests-1] INFO  selenium.PageDriver - Cookie: www.nps.gov-AWSALB-6upTctcxYo+m3yE9uD6jynYAGcQnGgNGfe3FvTXRN1FK6FPTOy6nZixh4VbI0X+HXDI0MIBzIjRS5wduQ9TTJgGITP3+1FKKRTXE8T17om7UoNFm0wGpQgWC+xuT
17:18:40.560 [TestNG-tests-1] INFO  selenium.PageDriver - Cookie: www.nps.gov-CFID-28534742
17:18:40.560 [TestNG-tests-1] INFO  selenium.PageDriver - Cookie: nps.gov-_gat_GSA_ENOR0-1
17:18:40.560 [TestNG-tests-1] INFO  selenium.PageDriver - Cookie: nps.gov-_ga-GA1.2.1999132340.1561853886
17:18:40.561 [TestNG-tests-1] INFO  selenium.PageDriver - Cookie: nps.gov-CFIWebMonSession-%7B%22GUID%22%3A%22ef85b3f3-0091-a9eb-8988-561853887165%22%2C%22EmailPhone%22%3A%22%22%2C%22HttpReferer%22%3A%22https%3A//derek.altervista.org/nps%22%2C%22PageViews%22%3A13%2C%22CurrentRuleId%22%3Anull%2C%22CurrentPType%22%3A0%2C%22Activity%22%3A%22Browse%22%2C%22SessionStart%22%3A1561853887160%2C%22UnloadDate%22%3Anull%2C%22WindowCount%22%3A13%2C%22LastPageStayTime%22%3Anull%2C%22AcceptOrDecline%22%3A%7B%7D%2C%22FirstBrowsePage%22%3A%22https%3A//www.nps.gov/alpo/index.htm%22%2C%22FirstBrowseTime%22%3A1561853887165%2C%22FinallyLeaveTime%22%3A1561853918817%2C%22FinallyBrowsePage%22%3A%22https%3A//www.nps.gov/frhi/index.htm%22%2C%22SiteReferrer%22%3A%22https%3A//derek.altervista.org/nps%22%2C%22LastPopUpPage%22%3Anull%2C%22TimeSpentonSite%22%3A0%2C%22GoogleAnalyticsValue%22%3Anull%2C%22Dimension%22%3Anull%2C%22CookiePath%22%3A%22/%3B%20domain%3Dnps.gov%22%2C%22AdditionalAttributes%22%3A%7B%7D%2C%22ClickTracker%22%3A%22%22%2C%22PageIndex%22%3A0%7D
17:18:40.562 [TestNG-tests-1] INFO  selenium.PageDriver - Cookie: www.nps.gov-JSESSIONID-0B6DB6EE9FF14BA33A3A70435C1F0140.CMS1
17:18:40.562 [TestNG-tests-1] INFO  selenium.PageDriver - Cookie: nps.gov-_gali-LocalNav
17:18:40.562 [TestNG-tests-1] INFO  selenium.PageDriver - Cookie: www.nps.gov-CFTOKEN-afc4e582a7344ef2-7976903C-0C97-35D1-45AC912F1C859D59
17:18:40.562 [TestNG-tests-1] INFO  selenium.PageDriver - Cookie: nps.gov-_gid-GA1.2.1700452596.1561853886
17:18:40.624 [TestNG-tests-1] INFO  selenium.PageDriver - Page Resources: 56
17:18:40.624 [TestNG-tests-1] INFO  selenium.PageDriver - Links: 9, Scripts: 22, Images: 5, XMLHttp: 4, CSS: 15, IFrame: 0, Other: 0, Unknown 1
17:18:40.641 [TestNG-tests-1] INFO  selenium.PageDriver - User agent: Mozilla/5.0 (X11; Linux x86_64) AppleWebKit/537.36 (KHTML, like Gecko) Chrome/75.0.3770.80 Safari/537.36
17:18:40.657 [TestNG-tests-1] INFO  selenium.PageDriver - Network: 1861.0, Redirect: 0.0, Page Render: 854.0, Complete: 2735.0
17:18:40.657 [TestNG-tests-1] INFO  selenium.PageDriver - TTFB: 1849.0, TTLB 1861.0, TTI 406.0, DocLoad 2279.0
17:18:40.729 [TestNG-tests-1] INFO  selenium.DoreyTest - Park name: Gettysburg National Military Park
17:18:43.087 [TestNG-tests-1] INFO  selenium.PageDriver - Number of cookies: 10
17:18:43.088 [TestNG-tests-1] INFO  selenium.PageDriver - Cookie: www.nps.gov-npf_newsletter_shown-yes
17:18:43.088 [TestNG-tests-1] INFO  selenium.PageDriver - Cookie: www.nps.gov-AWSALB-ak3Rb3uoUs4Fb2QV+nTOhBPOr4Ue1roIUW1bJDqwkSudZlr9HPoDP6DDbdef2CBqUpsqYXJAyueFUcEO5e5ZPbJl+nY2v7kP5tok7P4Col0mRpxC9Z3L7dH/A8EK
17:18:43.088 [TestNG-tests-1] INFO  selenium.PageDriver - Cookie: www.nps.gov-CFID-28534742
17:18:43.088 [TestNG-tests-1] INFO  selenium.PageDriver - Cookie: nps.gov-_gat_GSA_ENOR0-1
17:18:43.088 [TestNG-tests-1] INFO  selenium.PageDriver - Cookie: nps.gov-_ga-GA1.2.1999132340.1561853886
17:18:43.088 [TestNG-tests-1] INFO  selenium.PageDriver - Cookie: nps.gov-CFIWebMonSession-%7B%22GUID%22%3A%22ef85b3f3-0091-a9eb-8988-561853887165%22%2C%22EmailPhone%22%3A%22%22%2C%22HttpReferer%22%3A%22https%3A//derek.altervista.org/nps%22%2C%22PageViews%22%3A14%2C%22CurrentRuleId%22%3Anull%2C%22CurrentPType%22%3A0%2C%22Activity%22%3A%22Browse%22%2C%22SessionStart%22%3A1561853887160%2C%22UnloadDate%22%3Anull%2C%22WindowCount%22%3A14%2C%22LastPageStayTime%22%3Anull%2C%22AcceptOrDecline%22%3A%7B%7D%2C%22FirstBrowsePage%22%3A%22https%3A//www.nps.gov/alpo/index.htm%22%2C%22FirstBrowseTime%22%3A1561853887165%2C%22FinallyLeaveTime%22%3A1561853920779%2C%22FinallyBrowsePage%22%3A%22https%3A//www.nps.gov/gett/index.htm%22%2C%22SiteReferrer%22%3A%22https%3A//derek.altervista.org/nps%22%2C%22LastPopUpPage%22%3Anull%2C%22TimeSpentonSite%22%3A0%2C%22GoogleAnalyticsValue%22%3Anull%2C%22Dimension%22%3Anull%2C%22CookiePath%22%3A%22/%3B%20domain%3Dnps.gov%22%2C%22AdditionalAttributes%22%3A%7B%7D%2C%22ClickTracker%22%3A%22%22%2C%22PageIndex%22%3A0%7D
17:18:43.089 [TestNG-tests-1] INFO  selenium.PageDriver - Cookie: www.nps.gov-JSESSIONID-0B6DB6EE9FF14BA33A3A70435C1F0140.CMS1
17:18:43.089 [TestNG-tests-1] INFO  selenium.PageDriver - Cookie: nps.gov-_gali-LocalNav
17:18:43.090 [TestNG-tests-1] INFO  selenium.PageDriver - Cookie: www.nps.gov-CFTOKEN-afc4e582a7344ef2-7976903C-0C97-35D1-45AC912F1C859D59
17:18:43.090 [TestNG-tests-1] INFO  selenium.PageDriver - Cookie: nps.gov-_gid-GA1.2.1700452596.1561853886
17:18:43.188 [TestNG-tests-1] INFO  selenium.PageDriver - Page Resources: 80
17:18:43.188 [TestNG-tests-1] INFO  selenium.PageDriver - Links: 15, Scripts: 29, Images: 13, XMLHttp: 5, CSS: 16, IFrame: 0, Other: 0, Unknown 2
17:18:43.203 [TestNG-tests-1] INFO  selenium.PageDriver - User agent: Mozilla/5.0 (X11; Linux x86_64) AppleWebKit/537.36 (KHTML, like Gecko) Chrome/75.0.3770.80 Safari/537.36
17:18:43.221 [TestNG-tests-1] INFO  selenium.PageDriver - Network: 273.0, Redirect: 0.0, Page Render: 1928.0, Complete: 2217.0
17:18:43.222 [TestNG-tests-1] INFO  selenium.PageDriver - TTFB: 268.0, TTLB 273.0, TTI 682.0, DocLoad 982.0
17:18:43.298 [TestNG-tests-1] INFO  selenium.DoreyTest - Park name: Gloria Dei Church National Historic Site
17:18:46.420 [TestNG-tests-1] INFO  selenium.PageDriver - Number of cookies: 10
17:18:46.421 [TestNG-tests-1] INFO  selenium.PageDriver - Cookie: www.nps.gov-npf_newsletter_shown-yes
17:18:46.421 [TestNG-tests-1] INFO  selenium.PageDriver - Cookie: www.nps.gov-AWSALB-73AND4Ovk8WPMVd3ypP0oee9TgeLopRq3aeCxx5UawIDqlGtCBegr+KNAoRZcd8tm2Rtuj+sm7rhD6uPUmb4AmY53vNTemu0D6y7Dfywz5vRdeafoEceM4/TJ+4b
17:18:46.421 [TestNG-tests-1] INFO  selenium.PageDriver - Cookie: www.nps.gov-CFID-28534742
17:18:46.421 [TestNG-tests-1] INFO  selenium.PageDriver - Cookie: nps.gov-_gat_GSA_ENOR0-1
17:18:46.421 [TestNG-tests-1] INFO  selenium.PageDriver - Cookie: nps.gov-_ga-GA1.2.1999132340.1561853886
17:18:46.421 [TestNG-tests-1] INFO  selenium.PageDriver - Cookie: nps.gov-CFIWebMonSession-%7B%22GUID%22%3A%22ef85b3f3-0091-a9eb-8988-561853887165%22%2C%22EmailPhone%22%3A%22%22%2C%22HttpReferer%22%3A%22https%3A//derek.altervista.org/nps%22%2C%22PageViews%22%3A15%2C%22CurrentRuleId%22%3Anull%2C%22CurrentPType%22%3A0%2C%22Activity%22%3A%22Browse%22%2C%22SessionStart%22%3A1561853887160%2C%22UnloadDate%22%3Anull%2C%22WindowCount%22%3A15%2C%22LastPageStayTime%22%3Anull%2C%22AcceptOrDecline%22%3A%7B%7D%2C%22FirstBrowsePage%22%3A%22https%3A//www.nps.gov/alpo/index.htm%22%2C%22FirstBrowseTime%22%3A1561853887165%2C%22FinallyLeaveTime%22%3A1561853924833%2C%22FinallyBrowsePage%22%3A%22https%3A//www.nps.gov/glde/index.htm%22%2C%22SiteReferrer%22%3A%22https%3A//derek.altervista.org/nps%22%2C%22LastPopUpPage%22%3Anull%2C%22TimeSpentonSite%22%3A0%2C%22GoogleAnalyticsValue%22%3Anull%2C%22Dimension%22%3Anull%2C%22CookiePath%22%3A%22/%3B%20domain%3Dnps.gov%22%2C%22AdditionalAttributes%22%3A%7B%7D%2C%22ClickTracker%22%3A%22%22%2C%22PageIndex%22%3A0%7D
17:18:46.422 [TestNG-tests-1] INFO  selenium.PageDriver - Cookie: www.nps.gov-JSESSIONID-70357FF10398C2B48D2A3EAD303973C7.CMS1
17:18:46.422 [TestNG-tests-1] INFO  selenium.PageDriver - Cookie: nps.gov-_gali-LocalNav
17:18:46.422 [TestNG-tests-1] INFO  selenium.PageDriver - Cookie: www.nps.gov-CFTOKEN-afc4e582a7344ef2-7976903C-0C97-35D1-45AC912F1C859D59
17:18:46.422 [TestNG-tests-1] INFO  selenium.PageDriver - Cookie: nps.gov-_gid-GA1.2.1700452596.1561853886
17:18:46.480 [TestNG-tests-1] INFO  selenium.PageDriver - Page Resources: 56
17:18:46.480 [TestNG-tests-1] INFO  selenium.PageDriver - Links: 9, Scripts: 22, Images: 5, XMLHttp: 4, CSS: 15, IFrame: 0, Other: 0, Unknown 1
17:18:46.509 [TestNG-tests-1] INFO  selenium.PageDriver - User agent: Mozilla/5.0 (X11; Linux x86_64) AppleWebKit/537.36 (KHTML, like Gecko) Chrome/75.0.3770.80 Safari/537.36
17:18:46.530 [TestNG-tests-1] INFO  selenium.PageDriver - Network: 1922.0, Redirect: 0.0, Page Render: 926.0, Complete: 2860.0
17:18:46.530 [TestNG-tests-1] INFO  selenium.PageDriver - TTFB: 1919.0, TTLB 1922.0, TTI 407.0, DocLoad 2352.0
17:18:46.604 [TestNG-tests-1] INFO  selenium.DoreyTest - Park name: Hopewell Furnace National Historic Site
17:18:48.762 [TestNG-tests-1] INFO  selenium.PageDriver - Number of cookies: 10
17:18:48.763 [TestNG-tests-1] INFO  selenium.PageDriver - Cookie: www.nps.gov-npf_newsletter_shown-yes
17:18:48.763 [TestNG-tests-1] INFO  selenium.PageDriver - Cookie: www.nps.gov-AWSALB-reFx5PAjmu17pE6hhka0PuleEMniijQSTJ0rNtEEQWrQIYN7tKyM7/XhOUBlLH4ZTec7R0kDP6t56C4ma0XSAxSJ2IpzBOSHxDxfxOVXDlNsgOi9bET8MAlV5AYy
17:18:48.763 [TestNG-tests-1] INFO  selenium.PageDriver - Cookie: www.nps.gov-CFID-28534742
17:18:48.763 [TestNG-tests-1] INFO  selenium.PageDriver - Cookie: nps.gov-_gat_GSA_ENOR0-1
17:18:48.763 [TestNG-tests-1] INFO  selenium.PageDriver - Cookie: nps.gov-_ga-GA1.2.1999132340.1561853886
17:18:48.763 [TestNG-tests-1] INFO  selenium.PageDriver - Cookie: nps.gov-CFIWebMonSession-%7B%22GUID%22%3A%22ef85b3f3-0091-a9eb-8988-561853887165%22%2C%22EmailPhone%22%3A%22%22%2C%22HttpReferer%22%3A%22https%3A//derek.altervista.org/nps%22%2C%22PageViews%22%3A16%2C%22CurrentRuleId%22%3Anull%2C%22CurrentPType%22%3A0%2C%22Activity%22%3A%22Browse%22%2C%22SessionStart%22%3A1561853887160%2C%22UnloadDate%22%3Anull%2C%22WindowCount%22%3A16%2C%22LastPageStayTime%22%3Anull%2C%22AcceptOrDecline%22%3A%7B%7D%2C%22FirstBrowsePage%22%3A%22https%3A//www.nps.gov/alpo/index.htm%22%2C%22FirstBrowseTime%22%3A1561853887165%2C%22FinallyLeaveTime%22%3A1561853926809%2C%22FinallyBrowsePage%22%3A%22https%3A//www.nps.gov/hofu/index.htm%22%2C%22SiteReferrer%22%3A%22https%3A//derek.altervista.org/nps%22%2C%22LastPopUpPage%22%3Anull%2C%22TimeSpentonSite%22%3A0%2C%22GoogleAnalyticsValue%22%3Anull%2C%22Dimension%22%3Anull%2C%22CookiePath%22%3A%22/%3B%20domain%3Dnps.gov%22%2C%22AdditionalAttributes%22%3A%7B%7D%2C%22ClickTracker%22%3A%22%22%2C%22PageIndex%22%3A0%7D
17:18:48.763 [TestNG-tests-1] INFO  selenium.PageDriver - Cookie: www.nps.gov-JSESSIONID-00298F08F8E0B8435DD6ABE27E73C5EB.CMS1
17:18:48.763 [TestNG-tests-1] INFO  selenium.PageDriver - Cookie: nps.gov-_gali-LocalNav
17:18:48.763 [TestNG-tests-1] INFO  selenium.PageDriver - Cookie: www.nps.gov-CFTOKEN-afc4e582a7344ef2-7976903C-0C97-35D1-45AC912F1C859D59
17:18:48.763 [TestNG-tests-1] INFO  selenium.PageDriver - Cookie: nps.gov-_gid-GA1.2.1700452596.1561853886
17:18:48.829 [TestNG-tests-1] INFO  selenium.PageDriver - Page Resources: 58
17:18:48.829 [TestNG-tests-1] INFO  selenium.PageDriver - Links: 9, Scripts: 22, Images: 7, XMLHttp: 4, CSS: 15, IFrame: 0, Other: 0, Unknown 1
17:18:48.845 [TestNG-tests-1] INFO  selenium.PageDriver - User agent: Mozilla/5.0 (X11; Linux x86_64) AppleWebKit/537.36 (KHTML, like Gecko) Chrome/75.0.3770.80 Safari/537.36
17:18:48.866 [TestNG-tests-1] INFO  selenium.PageDriver - Network: 49.0, Redirect: 0.0, Page Render: 1079.0, Complete: 1148.0
17:18:48.866 [TestNG-tests-1] INFO  selenium.PageDriver - TTFB: 43.0, TTLB 49.0, TTI 365.0, DocLoad 433.0
17:18:48.937 [TestNG-tests-1] INFO  selenium.DoreyTest - Park name: Independence National Historical Park
17:18:50.013 [TestNG-tests-1] INFO  selenium.PageDriver - Number of cookies: 10
17:18:50.013 [TestNG-tests-1] INFO  selenium.PageDriver - Cookie: www.nps.gov-npf_newsletter_shown-yes
17:18:50.014 [TestNG-tests-1] INFO  selenium.PageDriver - Cookie: www.nps.gov-AWSALB-iWHcXkYahbQgCdqma7AubT2UwPJKOi09O15zbyVUjfKF0kgqcnSGbW1hiLzN62QfB8nADoCkpti0+3MibAmBmBgGms/equWGIvB1DlikMhi06gCqka+w86fMubVw
17:18:50.014 [TestNG-tests-1] INFO  selenium.PageDriver - Cookie: www.nps.gov-CFID-28534742
17:18:50.014 [TestNG-tests-1] INFO  selenium.PageDriver - Cookie: nps.gov-_gat_GSA_ENOR0-1
17:18:50.014 [TestNG-tests-1] INFO  selenium.PageDriver - Cookie: nps.gov-_ga-GA1.2.1999132340.1561853886
17:18:50.014 [TestNG-tests-1] INFO  selenium.PageDriver - Cookie: nps.gov-CFIWebMonSession-%7B%22GUID%22%3A%22ef85b3f3-0091-a9eb-8988-561853887165%22%2C%22EmailPhone%22%3A%22%22%2C%22HttpReferer%22%3A%22https%3A//derek.altervista.org/nps%22%2C%22PageViews%22%3A17%2C%22CurrentRuleId%22%3Anull%2C%22CurrentPType%22%3A0%2C%22Activity%22%3A%22Browse%22%2C%22SessionStart%22%3A1561853887160%2C%22UnloadDate%22%3Anull%2C%22WindowCount%22%3A17%2C%22LastPageStayTime%22%3Anull%2C%22AcceptOrDecline%22%3A%7B%7D%2C%22FirstBrowsePage%22%3A%22https%3A//www.nps.gov/alpo/index.htm%22%2C%22FirstBrowseTime%22%3A1561853887165%2C%22FinallyLeaveTime%22%3A1561853928519%2C%22FinallyBrowsePage%22%3A%22https%3A//www.nps.gov/inde/index.htm%22%2C%22SiteReferrer%22%3A%22https%3A//derek.altervista.org/nps%22%2C%22LastPopUpPage%22%3Anull%2C%22TimeSpentonSite%22%3A0%2C%22GoogleAnalyticsValue%22%3Anull%2C%22Dimension%22%3Anull%2C%22CookiePath%22%3A%22/%3B%20domain%3Dnps.gov%22%2C%22AdditionalAttributes%22%3A%7B%7D%2C%22ClickTracker%22%3A%22%22%2C%22PageIndex%22%3A0%7D
17:18:50.015 [TestNG-tests-1] INFO  selenium.PageDriver - Cookie: www.nps.gov-JSESSIONID-00298F08F8E0B8435DD6ABE27E73C5EB.CMS1
17:18:50.015 [TestNG-tests-1] INFO  selenium.PageDriver - Cookie: nps.gov-_gali-LocalNav
17:18:50.015 [TestNG-tests-1] INFO  selenium.PageDriver - Cookie: www.nps.gov-CFTOKEN-afc4e582a7344ef2-7976903C-0C97-35D1-45AC912F1C859D59
17:18:50.015 [TestNG-tests-1] INFO  selenium.PageDriver - Cookie: nps.gov-_gid-GA1.2.1700452596.1561853886
17:18:50.110 [TestNG-tests-1] INFO  selenium.PageDriver - Page Resources: 61
17:18:50.110 [TestNG-tests-1] INFO  selenium.PageDriver - Links: 9, Scripts: 23, Images: 9, XMLHttp: 4, CSS: 15, IFrame: 0, Other: 0, Unknown 1
17:18:50.126 [TestNG-tests-1] INFO  selenium.PageDriver - User agent: Mozilla/5.0 (X11; Linux x86_64) AppleWebKit/537.36 (KHTML, like Gecko) Chrome/75.0.3770.80 Safari/537.36
17:18:50.152 [TestNG-tests-1] INFO  selenium.PageDriver - Network: 35.0, Redirect: 0.0, Page Render: 806.0, Complete: 858.0
17:18:50.152 [TestNG-tests-1] INFO  selenium.PageDriver - TTFB: 31.0, TTLB 35.0, TTI 417.0, DocLoad 476.0
]]></system-out>
  </testcase>
  <testcase name="testWorld" classname="selenium.DoreyTest" time="109.25"/>
</testsuite>